<?xml version="1.0" encoding="UTF-8"?>
<testsuite xmlns:xsi="http://www.w3.org/2001/XMLSchema-instance" xsi:noNamespaceSchemaLocation="https://maven.apache.org/surefire/maven-surefire-plugin/xsd/surefire-test-report-3.0.xsd" version="3.0" name="com.fullstack.instagram_backend_bd.InstagramBackendBdApplicationTests" time="15.412" tests="1" errors="0" skipped="0" failures="0">
  <properties>
[...]
</properties>
  <testcase name="contextLoads" classname="com.fullstack.instagram_backend_bd.InstagramBackendBdApplicationTests" time="0.667">
    <system-out><![CDATA[10:16:07.684 [main] INFO org.springframework.test.context.support.AnnotationConfigContextLoaderUtils -- Could not detect default configuration classes for test class [com.fullstack.instagram_backend_bd.InstagramBackendBdApplicationTests]: InstagramBackendBdApplicationTests does not declare any static, non-private, non-final, nested classes annotated with @Configuration.
10:16:07.908 [main] INFO org.springframework.boot.test.context.SpringBootTestContextBootstrapper -- Found @SpringBootConfiguration com.fullstack.instagram_backend_bd.InstagramBackendBdApplication for test class com.fullstack.instagram_backend_bd.InstagramBackendBdApplicationTests
10:16:08.193 [main] INFO org.springframework.boot.devtools.restart.RestartApplicationListener -- Restart disabled due to context in which it is running

  .   ____          _            __ _ _
 /\\ / ___'_ __ _ _(_)_ __  __ _ \ \ \ \
( ( )\___ | '_ | '_| | '_ \/ _` | \ \ \ \
 \\/  ___)| |_)| | | | | || (_| |  ) ) ) )
  '  |____| .__|_| |_|_| |_\__, | / / / /
 =========|_|==============|___/=/_/_/_/

 :: Spring Boot ::                (v3.3.2)

2025-05-03T10:16:08.549-04:00 DEBUG 37596 --- [instagram-backend-bd] [kground-preinit] o.h.v.i.xml.config.ValidationXmlParser   : Trying to load META-INF/validation.xml for XML based Validator configuration.
2025-05-03T10:16:08.552-04:00 DEBUG 37596 --- [instagram-backend-bd] [kground-preinit] o.h.v.i.xml.config.ResourceLoaderHelper  : Trying to load META-INF/validation.xml via TCCL
2025-05-03T10:16:08.553-04:00 DEBUG 37596 --- [instagram-backend-bd] [kground-preinit] o.h.v.i.xml.config.ResourceLoaderHelper  : Trying to load META-INF/validation.xml via Hibernate Validator's class loader
2025-05-03T10:16:08.554-04:00 DEBUG 37596 --- [instagram-backend-bd] [kground-preinit] o.h.v.i.xml.config.ValidationXmlParser   : No META-INF/validation.xml found. Using annotation based configuration only.
2025-05-03T10:16:08.561-04:00 DEBUG 37596 --- [instagram-backend-bd] [kground-preinit] o.h.v.i.e.resolver.TraversableResolvers  : Found jakarta.persistence.Persistence on classpath containing 'getPersistenceUtil'. Assuming JPA 2 environment. Trying to instantiate JPA aware TraversableResolver
2025-05-03T10:16:08.562-04:00 DEBUG 37596 --- [instagram-backend-bd] [kground-preinit] o.h.v.i.e.resolver.TraversableResolvers  : Instantiated JPA aware TraversableResolver of type org.hibernate.validator.internal.engine.resolver.JPATraversableResolver.
2025-05-03T10:16:08.565-04:00  INFO 37596 --- [instagram-backend-bd] [           main] c.f.i.InstagramBackendBdApplicationTests : Starting InstagramBackendBdApplicationTests using Java 21.0.2 with PID 37596 (started by cvalv in C:\Users\cvalv\Desktop\FULLSTACK I\REFORZAMIENTO 3\instagram-backend-bd)
2025-05-03T10:16:08.565-04:00  INFO 37596 --- [instagram-backend-bd] [           main] c.f.i.InstagramBackendBdApplicationTests : No active profile set, falling back to 1 default profile: "default"
2025-05-03T10:16:08.566-04:00 DEBUG 37596 --- [instagram-backend-bd] [           main] o.s.boot.SpringApplication               : Loading source class com.fullstack.instagram_backend_bd.InstagramBackendBdApplication
2025-05-03T10:16:08.590-04:00 DEBUG 37596 --- [instagram-backend-bd] [kground-preinit] .h.v.m.ResourceBundleMessageInterpolator : Loaded expression factory via original TCCL
2025-05-03T10:16:08.600-04:00 DEBUG 37596 --- [instagram-backend-bd] [           main] o.s.w.c.s.GenericWebApplicationContext   : Refreshing org.springframework.web.context.support.GenericWebApplicationContext@2fa7ae9
2025-05-03T10:16:08.631-04:00 DEBUG 37596 --- [instagram-backend-bd] [           main] o.s.b.f.s.DefaultListableBeanFactory     : Creating shared instance of singleton bean 'org.springframework.context.annotation.internalConfigurationAnnotationProcessor'
2025-05-03T10:16:08.649-04:00 DEBUG 37596 --- [instagram-backend-bd] [           main] o.s.b.f.s.DefaultListableBeanFactory     : Creating shared instance of singleton bean 'org.springframework.boot.autoconfigure.internalCachingMetadataReaderFactory'
2025-05-03T10:16:08.731-04:00 DEBUG 37596 --- [instagram-backend-bd] [           main] o.s.c.a.ClassPathBeanDefinitionScanner   : Identified candidate component class: file [C:\Users\cvalv\Desktop\FULLSTACK I\REFORZAMIENTO 3\instagram-backend-bd\target\classes\com\fullstack\instagram_backend_bd\controller\PostController.class]
2025-05-03T10:16:08.735-04:00 DEBUG 37596 --- [instagram-backend-bd] [           main] o.s.c.a.ClassPathBeanDefinitionScanner   : Identified candidate component class: file [C:\Users\cvalv\Desktop\FULLSTACK I\REFORZAMIENTO 3\instagram-backend-bd\target\classes\com\fullstack\instagram_backend_bd\controller\ProfileInfoController.class]
2025-05-03T10:16:08.737-04:00 DEBUG 37596 --- [instagram-backend-bd] [           main] o.s.c.a.ClassPathBeanDefinitionScanner   : Identified candidate component class: file [C:\Users\cvalv\Desktop\FULLSTACK I\REFORZAMIENTO 3\instagram-backend-bd\target\classes\com\fullstack\instagram_backend_bd\controller\UserController.class]
2025-05-03T10:16:08.742-04:00 DEBUG 37596 --- [instagram-backend-bd] [           main] o.s.c.a.ClassPathBeanDefinitionScanner   : Identified candidate component class: file [C:\Users\cvalv\Desktop\FULLSTACK I\REFORZAMIENTO 3\instagram-backend-bd\target\classes\com\fullstack\instagram_backend_bd\exceptionhandler\GlobalExceptionHandler.class]
2025-05-03T10:16:08.758-04:00 DEBUG 37596 --- [instagram-backend-bd] [           main] o.s.c.a.ClassPathBeanDefinitionScanner   : Ignored because not a concrete top-level class: file [C:\Users\cvalv\Desktop\FULLSTACK I\REFORZAMIENTO 3\instagram-backend-bd\target\classes\com\fullstack\instagram_backend_bd\repository\PostRepository.class]
2025-05-03T10:16:08.759-04:00 DEBUG 37596 --- [instagram-backend-bd] [           main] o.s.c.a.ClassPathBeanDefinitionScanner   : Ignored because not a concrete top-level class: file [C:\Users\cvalv\Desktop\FULLSTACK I\REFORZAMIENTO 3\instagram-backend-bd\target\classes\com\fullstack\instagram_backend_bd\repository\ProfileInfoRepository.class]
2025-05-03T10:16:08.760-04:00 DEBUG 37596 --- [instagram-backend-bd] [           main] o.s.c.a.ClassPathBeanDefinitionScanner   : Ignored because not a concrete top-level class: file [C:\Users\cvalv\Desktop\FULLSTACK I\REFORZAMIENTO 3\instagram-backend-bd\target\classes\com\fullstack\instagram_backend_bd\repository\UserRepository.class]
2025-05-03T10:16:08.762-04:00 DEBUG 37596 --- [instagram-backend-bd] [kground-preinit] .i.e.ValidatorFactoryConfigurationHelper : HV000252: Using org.hibernate.validator.internal.engine.DefaultPropertyNodeNameProvider as property node name provider.
2025-05-03T10:16:08.762-04:00 DEBUG 37596 --- [instagram-backend-bd] [           main] o.s.c.a.ClassPathBeanDefinitionScanner   : Identified candidate component class: file [C:\Users\cvalv\Desktop\FULLSTACK I\REFORZAMIENTO 3\instagram-backend-bd\target\classes\com\fullstack\instagram_backend_bd\service\post\PostServiceImpl.class]
2025-05-03T10:16:08.764-04:00 DEBUG 37596 --- [instagram-backend-bd] [           main] o.s.c.a.ClassPathBeanDefinitionScanner   : Identified candidate component class: file [C:\Users\cvalv\Desktop\FULLSTACK I\REFORZAMIENTO 3\instagram-backend-bd\target\classes\com\fullstack\instagram_backend_bd\service\profileinfo\ProfileInfoServiceImpl.class]
2025-05-03T10:16:08.766-04:00 DEBUG 37596 --- [instagram-backend-bd] [           main] o.s.c.a.ClassPathBeanDefinitionScanner   : Identified candidate component class: file [C:\Users\cvalv\Desktop\FULLSTACK I\REFORZAMIENTO 3\instagram-backend-bd\target\classes\com\fullstack\instagram_backend_bd\service\user\UserServiceImpl.class]
2025-05-03T10:16:08.774-04:00 DEBUG 37596 --- [instagram-backend-bd] [kground-preinit] .i.e.ValidatorFactoryConfigurationHelper : HV000234: Using org.hibernate.validator.messageinterpolation.ResourceBundleMessageInterpolator as ValidatorFactory-scoped message interpolator.
2025-05-03T10:16:08.774-04:00 DEBUG 37596 --- [instagram-backend-bd] [kground-preinit] .i.e.ValidatorFactoryConfigurationHelper : HV000234: Using org.hibernate.validator.internal.engine.resolver.JPATraversableResolver as ValidatorFactory-scoped traversable resolver.
2025-05-03T10:16:08.774-04:00 DEBUG 37596 --- [instagram-backend-bd] [kground-preinit] .i.e.ValidatorFactoryConfigurationHelper : HV000234: Using org.hibernate.validator.internal.util.ExecutableParameterNameProvider as ValidatorFactory-scoped parameter name provider.
2025-05-03T10:16:08.774-04:00 DEBUG 37596 --- [instagram-backend-bd] [kground-preinit] .i.e.ValidatorFactoryConfigurationHelper : HV000234: Using org.hibernate.validator.internal.engine.DefaultClockProvider as ValidatorFactory-scoped clock provider.
2025-05-03T10:16:08.775-04:00 DEBUG 37596 --- [instagram-backend-bd] [kground-preinit] .i.e.ValidatorFactoryConfigurationHelper : HV000234: Using org.hibernate.validator.internal.engine.scripting.DefaultScriptEvaluatorFactory as ValidatorFactory-scoped script evaluator factory.
2025-05-03T10:16:09.637-04:00  INFO 37596 --- [instagram-backend-bd] [           main] .s.d.r.c.RepositoryConfigurationDelegate : Bootstrapping Spring Data JPA repositories in DEFAULT mode.
2025-05-03T10:16:09.648-04:00 DEBUG 37596 --- [instagram-backend-bd] [           main] o.s.b.f.s.DefaultListableBeanFactory     : Creating shared instance of singleton bean 'org.springframework.boot.autoconfigure.AutoConfigurationPackages'
2025-05-03T10:16:09.658-04:00 DEBUG 37596 --- [instagram-backend-bd] [           main] o.s.b.a.AutoConfigurationPackages        : @EnableAutoConfiguration was declared on a class in the package 'com.fullstack.instagram_backend_bd'. Automatic @Repository and @Entity scanning is enabled.
2025-05-03T10:16:09.660-04:00 DEBUG 37596 --- [instagram-backend-bd] [           main] .s.d.r.c.RepositoryConfigurationDelegate : Scanning for JPA repositories in packages com.fullstack.instagram_backend_bd.
2025-05-03T10:16:09.676-04:00 DEBUG 37596 --- [instagram-backend-bd] [           main] o.s.d.r.c.RepositoryComponentProvider    : Identified candidate component class: file [C:\Users\cvalv\Desktop\FULLSTACK I\REFORZAMIENTO 3\instagram-backend-bd\target\classes\com\fullstack\instagram_backend_bd\repository\PostRepository.class]
2025-05-03T10:16:09.676-04:00 DEBUG 37596 --- [instagram-backend-bd] [           main] o.s.d.r.c.RepositoryComponentProvider    : Identified candidate component class: file [C:\Users\cvalv\Desktop\FULLSTACK I\REFORZAMIENTO 3\instagram-backend-bd\target\classes\com\fullstack\instagram_backend_bd\repository\ProfileInfoRepository.class]
2025-05-03T10:16:09.677-04:00 DEBUG 37596 --- [instagram-backend-bd] [           main] o.s.d.r.c.RepositoryComponentProvider    : Identified candidate component class: file [C:\Users\cvalv\Desktop\FULLSTACK I\REFORZAMIENTO 3\instagram-backend-bd\target\classes\com\fullstack\instagram_backend_bd\repository\UserRepository.class]
2025-05-03T10:16:09.724-04:00 DEBUG 37596 --- [instagram-backend-bd] [           main] ssPathScanningCandidateComponentProvider : Identified candidate component class: file [C:\Users\cvalv\Desktop\FULLSTACK I\REFORZAMIENTO 3\instagram-backend-bd\target\classes\com\fullstack\instagram_backend_bd\service\post\PostServiceImpl.class]
2025-05-03T10:16:09.724-04:00 DEBUG 37596 --- [instagram-backend-bd] [           main] ssPathScanningCandidateComponentProvider : Identified candidate component class: file [C:\Users\cvalv\Desktop\FULLSTACK I\REFORZAMIENTO 3\instagram-backend-bd\target\classes\com\fullstack\instagram_backend_bd\service\profileinfo\ProfileInfoServiceImpl.class]
2025-05-03T10:16:09.724-04:00 DEBUG 37596 --- [instagram-backend-bd] [           main] ssPathScanningCandidateComponentProvider : Identified candidate component class: file [C:\Users\cvalv\Desktop\FULLSTACK I\REFORZAMIENTO 3\instagram-backend-bd\target\classes\com\fullstack\instagram_backend_bd\service\user\UserServiceImpl.class]
2025-05-03T10:16:09.749-04:00  INFO 37596 --- [instagram-backend-bd] [           main] .s.d.r.c.RepositoryConfigurationDelegate : Finished Spring Data repository scanning in 86 ms. Found 3 JPA repository interfaces.
2025-05-03T10:16:10.014-04:00 DEBUG 37596 --- [instagram-backend-bd] [           main] o.s.b.f.s.DefaultListableBeanFactory     : Creating shared instance of singleton bean 'propertySourcesPlaceholderConfigurer'
2025-05-03T10:16:10.018-04:00 DEBUG 37596 --- [instagram-backend-bd] [           main] o.s.b.f.s.DefaultListableBeanFactory     : Creating shared instance of singleton bean 'org.springframework.boot.test.mock.mockito.MockitoPostProcessor'
2025-05-03T10:16:10.020-04:00 DEBUG 37596 --- [instagram-backend-bd] [           main] o.s.b.f.s.DefaultListableBeanFactory     : Creating shared instance of singleton bean 'emBeanDefinitionRegistrarPostProcessor'
2025-05-03T10:16:10.021-04:00 DEBUG 37596 --- [instagram-backend-bd] [           main] o.s.b.f.s.DefaultListableBeanFactory     : Creating shared instance of singleton bean 'org.springframework.boot.sql.init.dependency.DatabaseInitializationDependencyConfigurer$DependsOnDatabaseInitializationPostProcessor'
2025-05-03T10:16:10.084-04:00 DEBUG 37596 --- [instagram-backend-bd] [           main] o.s.b.f.s.DefaultListableBeanFactory     : Creating shared instance of singleton bean 'org.springframework.context.event.internalEventListenerProcessor'
2025-05-03T10:16:10.088-04:00 DEBUG 37596 --- [instagram-backend-bd] [           main] o.s.b.f.s.DefaultListableBeanFactory     : Creating shared instance of singleton bean 'preserveErrorControllerTargetClassPostProcessor'
2025-05-03T10:16:10.089-04:00 DEBUG 37596 --- [instagram-backend-bd] [           main] o.s.b.f.s.DefaultListableBeanFactory     : Creating shared instance of singleton bean 'org.springframework.context.event.internalEventListenerFactory'
2025-05-03T10:16:10.090-04:00 DEBUG 37596 --- [instagram-backend-bd] [           main] o.s.b.f.s.DefaultListableBeanFactory     : Creating shared instance of singleton bean 'org.springframework.transaction.config.internalTransactionalEventListenerFactory'
2025-05-03T10:16:10.096-04:00 DEBUG 37596 --- [instagram-backend-bd] [           main] o.s.b.f.s.DefaultListableBeanFactory     : Creating shared instance of singleton bean 'org.springframework.boot.test.mock.mockito.MockitoPostProcessor$SpyPostProcessor'
2025-05-03T10:16:10.098-04:00 DEBUG 37596 --- [instagram-backend-bd] [           main] o.s.b.f.s.DefaultListableBeanFactory     : Creating shared instance of singleton bean 'org.springframework.context.annotation.internalAutowiredAnnotationProcessor'
2025-05-03T10:16:10.101-04:00 DEBUG 37596 --- [instagram-backend-bd] [           main] o.s.b.f.s.DefaultListableBeanFactory     : Creating shared instance of singleton bean 'org.springframework.context.annotation.internalCommonAnnotationProcessor'
2025-05-03T10:16:10.108-04:00 DEBUG 37596 --- [instagram-backend-bd] [           main] o.s.b.f.s.DefaultListableBeanFactory     : Creating shared instance of singleton bean 'org.springframework.context.annotation.internalPersistenceAnnotationProcessor'
2025-05-03T10:16:10.108-04:00 DEBUG 37596 --- [instagram-backend-bd] [           main] o.s.b.f.s.DefaultListableBeanFactory     : Creating shared instance of singleton bean 'org.springframework.boot.context.properties.ConfigurationPropertiesBindingPostProcessor'
2025-05-03T10:16:10.108-04:00 DEBUG 37596 --- [instagram-backend-bd] [           main] o.s.b.f.s.DefaultListableBeanFactory     : Creating shared instance of singleton bean 'org.springframework.boot.context.internalConfigurationPropertiesBinder'
2025-05-03T10:16:10.112-04:00 DEBUG 37596 --- [instagram-backend-bd] [           main] o.s.b.f.s.DefaultListableBeanFactory     : Creating shared instance of singleton bean 'jdbcConnectionDetailsHikariBeanPostProcessor'
2025-05-03T10:16:10.117-04:00 DEBUG 37596 --- [instagram-backend-bd] [           main] o.s.b.f.s.DefaultListableBeanFactory     : Creating shared instance of singleton bean 'methodValidationPostProcessor'
2025-05-03T10:16:10.137-04:00 DEBUG 37596 --- [instagram-backend-bd] [           main] o.s.b.f.s.DefaultListableBeanFactory     : Autowiring by type from bean name 'methodValidationPostProcessor' via factory method to bean named 'environment'
2025-05-03T10:16:10.141-04:00 DEBUG 37596 --- [instagram-backend-bd] [           main] o.s.b.f.s.DefaultListableBeanFactory     : Creating shared instance of singleton bean 'org.springframework.boot.context.properties.EnableConfigurationPropertiesRegistrar.methodValidationExcludeFilter'
2025-05-03T10:16:10.167-04:00 DEBUG 37596 --- [instagram-backend-bd] [           main] o.s.b.f.s.DefaultListableBeanFactory     : Creating shared instance of singleton bean 'org.springframework.aop.config.internalAutoProxyCreator'
2025-05-03T10:16:10.187-04:00 DEBUG 37596 --- [instagram-backend-bd] [           main] o.s.b.f.s.DefaultListableBeanFactory     : Creating shared instance of singleton bean 'persistenceExceptionTranslationPostProcessor'
2025-05-03T10:16:10.189-04:00 DEBUG 37596 --- [instagram-backend-bd] [           main] o.s.b.f.s.DefaultListableBeanFactory     : Autowiring by type from bean name 'persistenceExceptionTranslationPostProcessor' via factory method to bean named 'environment'
2025-05-03T10:16:10.191-04:00 DEBUG 37596 --- [instagram-backend-bd] [           main] o.s.b.f.s.DefaultListableBeanFactory     : Creating shared instance of singleton bean 'webServerFactoryCustomizerBeanPostProcessor'
2025-05-03T10:16:10.192-04:00 DEBUG 37596 --- [instagram-backend-bd] [           main] o.s.b.f.s.DefaultListableBeanFactory     : Creating shared instance of singleton bean 'errorPageRegistrarBeanPostProcessor'
2025-05-03T10:16:10.193-04:00 DEBUG 37596 --- [instagram-backend-bd] [           main] o.s.b.f.s.DefaultListableBeanFactory     : Creating shared instance of singleton bean 'projectingArgumentResolverBeanPostProcessor'
2025-05-03T10:16:10.195-04:00 DEBUG 37596 --- [instagram-backend-bd] [           main] o.s.b.f.s.DefaultListableBeanFactory     : Creating shared instance of singleton bean 'org.springframework.transaction.config.internalTransactionAdvisor'
2025-05-03T10:16:10.196-04:00 DEBUG 37596 --- [instagram-backend-bd] [           main] o.s.b.f.s.DefaultListableBeanFactory     : Creating shared instance of singleton bean 'org.springframework.transaction.annotation.ProxyTransactionManagementConfiguration'
2025-05-03T10:16:10.209-04:00 DEBUG 37596 --- [instagram-backend-bd] [           main] o.s.b.f.s.DefaultListableBeanFactory     : Creating shared instance of singleton bean 'transactionAttributeSource'
2025-05-03T10:16:10.211-04:00 DEBUG 37596 --- [instagram-backend-bd] [           main] o.s.b.f.s.DefaultListableBeanFactory     : Creating shared instance of singleton bean 'transactionInterceptor'
2025-05-03T10:16:10.212-04:00 DEBUG 37596 --- [instagram-backend-bd] [           main] o.s.b.f.s.DefaultListableBeanFactory     : Autowiring by type from bean name 'transactionInterceptor' via factory method to bean named 'transactionAttributeSource'
2025-05-03T10:16:10.219-04:00 DEBUG 37596 --- [instagram-backend-bd] [           main] o.s.b.f.s.DefaultListableBeanFactory     : Autowiring by type from bean name 'org.springframework.transaction.config.internalTransactionAdvisor' via factory method to bean named 'transactionAttributeSource'
2025-05-03T10:16:10.219-04:00 DEBUG 37596 --- [instagram-backend-bd] [           main] o.s.b.f.s.DefaultListableBeanFactory     : Autowiring by type from bean name 'org.springframework.transaction.config.internalTransactionAdvisor' via factory method to bean named 'transactionInterceptor'
2025-05-03T10:16:10.259-04:00 DEBUG 37596 --- [instagram-backend-bd] [           main] o.s.u.c.s.UiApplicationContextUtils      : Unable to locate ThemeSource with name 'themeSource': using default [org.springframework.ui.context.support.ResourceBundleThemeSource@35c4e864]
2025-05-03T10:16:10.261-04:00 DEBUG 37596 --- [instagram-backend-bd] [           main] o.s.b.f.s.DefaultListableBeanFactory     : Creating shared instance of singleton bean 'dataSourceScriptDatabaseInitializer'
2025-05-03T10:16:10.262-04:00 DEBUG 37596 --- [instagram-backend-bd] [           main] o.s.b.f.s.DefaultListableBeanFactory     : Creating shared instance of singleton bean 'org.springframework.boot.autoconfigure.sql.init.DataSourceInitializationConfiguration'
2025-05-03T10:16:10.265-04:00 DEBUG 37596 --- [instagram-backend-bd] [           main] o.s.b.f.s.DefaultListableBeanFactory     : Creating shared instance of singleton bean 'dataSource'
2025-05-03T10:16:10.265-04:00 DEBUG 37596 --- [instagram-backend-bd] [           main] o.s.b.f.s.DefaultListableBeanFactory     : Creating shared instance of singleton bean 'org.springframework.boot.autoconfigure.jdbc.DataSourceConfiguration$Hikari'
2025-05-03T10:16:10.267-04:00 DEBUG 37596 --- [instagram-backend-bd] [           main] o.s.b.f.s.DefaultListableBeanFactory     : Creating shared instance of singleton bean 'spring.datasource-org.springframework.boot.autoconfigure.jdbc.DataSourceProperties'
2025-05-03T10:16:10.268-04:00 DEBUG 37596 --- [instagram-backend-bd] [           main] o.s.b.f.s.DefaultListableBeanFactory     : Creating shared instance of singleton bean 'org.springframework.boot.context.properties.BoundConfigurationProperties'
2025-05-03T10:16:10.304-04:00 DEBUG 37596 --- [instagram-backend-bd] [           main] o.s.b.f.s.DefaultListableBeanFactory     : Creating shared instance of singleton bean 'jdbcConnectionDetails'
2025-05-03T10:16:10.305-04:00 DEBUG 37596 --- [instagram-backend-bd] [           main] o.s.b.f.s.DefaultListableBeanFactory     : Creating shared instance of singleton bean 'org.springframework.boot.autoconfigure.jdbc.DataSourceAutoConfiguration$PooledDataSourceConfiguration'
2025-05-03T10:16:10.306-04:00 DEBUG 37596 --- [instagram-backend-bd] [           main] o.s.b.f.s.DefaultListableBeanFactory     : Autowiring by type from bean name 'jdbcConnectionDetails' via factory method to bean named 'spring.datasource-org.springframework.boot.autoconfigure.jdbc.DataSourceProperties'
2025-05-03T10:16:10.307-04:00 DEBUG 37596 --- [instagram-backend-bd] [           main] o.s.b.f.s.DefaultListableBeanFactory     : Autowiring by type from bean name 'dataSource' via factory method to bean named 'spring.datasource-org.springframework.boot.autoconfigure.jdbc.DataSourceProperties'
2025-05-03T10:16:10.308-04:00 DEBUG 37596 --- [instagram-backend-bd] [           main] o.s.b.f.s.DefaultListableBeanFactory     : Autowiring by type from bean name 'dataSource' via factory method to bean named 'jdbcConnectionDetails'
2025-05-03T10:16:10.656-04:00 DEBUG 37596 --- [instagram-backend-bd] [           main] o.s.b.f.s.DefaultListableBeanFactory     : Creating shared instance of singleton bean 'spring.sql.init-org.springframework.boot.autoconfigure.sql.init.SqlInitializationProperties'
2025-05-03T10:16:10.662-04:00 DEBUG 37596 --- [instagram-backend-bd] [           main] o.s.b.f.s.DefaultListableBeanFactory     : Autowiring by type from bean name 'dataSourceScriptDatabaseInitializer' via factory method to bean named 'dataSource'
2025-05-03T10:16:10.662-04:00 DEBUG 37596 --- [instagram-backend-bd] [           main] o.s.b.f.s.DefaultListableBeanFactory     : Autowiring by type from bean name 'dataSourceScriptDatabaseInitializer' via factory method to bean named 'spring.sql.init-org.springframework.boot.autoconfigure.sql.init.SqlInitializationProperties'
2025-05-03T10:16:10.669-04:00 DEBUG 37596 --- [instagram-backend-bd] [           main] o.s.b.f.s.DefaultListableBeanFactory     : Creating shared instance of singleton bean 'entityManagerFactory'
2025-05-03T10:16:10.670-04:00 DEBUG 37596 --- [instagram-backend-bd] [           main] o.s.b.f.s.DefaultListableBeanFactory     : Creating shared instance of singleton bean 'org.springframework.boot.autoconfigure.orm.jpa.HibernateJpaConfiguration'
2025-05-03T10:16:10.671-04:00 DEBUG 37596 --- [instagram-backend-bd] [           main] o.s.b.f.s.DefaultListableBeanFactory     : Creating shared instance of singleton bean 'spring.jpa-org.springframework.boot.autoconfigure.orm.jpa.JpaProperties'
2025-05-03T10:16:10.679-04:00 DEBUG 37596 --- [instagram-backend-bd] [           main] o.s.b.f.s.DefaultListableBeanFactory     : Creating shared instance of singleton bean 'spring.jpa.hibernate-org.springframework.boot.autoconfigure.orm.jpa.HibernateProperties'
2025-05-03T10:16:10.681-04:00 DEBUG 37596 --- [instagram-backend-bd] [           main] o.s.b.f.s.DefaultListableBeanFactory     : Autowiring by type from bean name 'org.springframework.boot.autoconfigure.orm.jpa.HibernateJpaConfiguration' via constructor to bean named 'dataSource'
2025-05-03T10:16:10.682-04:00 DEBUG 37596 --- [instagram-backend-bd] [           main] o.s.b.f.s.DefaultListableBeanFactory     : Autowiring by type from bean name 'org.springframework.boot.autoconfigure.orm.jpa.HibernateJpaConfiguration' via constructor to bean named 'spring.jpa-org.springframework.boot.autoconfigure.orm.jpa.JpaProperties'
2025-05-03T10:16:10.682-04:00 DEBUG 37596 --- [instagram-backend-bd] [           main] o.s.b.f.s.DefaultListableBeanFactory     : Autowiring by type from bean name 'org.springframework.boot.autoconfigure.orm.jpa.HibernateJpaConfiguration' via constructor to bean named 'org.springframework.beans.factory.support.DefaultListableBeanFactory@38f2e97e'
2025-05-03T10:16:10.682-04:00 DEBUG 37596 --- [instagram-backend-bd] [           main] o.s.b.f.s.DefaultListableBeanFactory     : Autowiring by type from bean name 'org.springframework.boot.autoconfigure.orm.jpa.HibernateJpaConfiguration' via constructor to bean named 'spring.jpa.hibernate-org.springframework.boot.autoconfigure.orm.jpa.HibernateProperties'
2025-05-03T10:16:10.687-04:00 DEBUG 37596 --- [instagram-backend-bd] [           main] o.s.b.f.s.DefaultListableBeanFactory     : Creating shared instance of singleton bean 'hikariPoolDataSourceMetadataProvider'
2025-05-03T10:16:10.688-04:00 DEBUG 37596 --- [instagram-backend-bd] [           main] o.s.b.f.s.DefaultListableBeanFactory     : Creating shared instance of singleton bean 'org.springframework.boot.autoconfigure.jdbc.metadata.DataSourcePoolMetadataProvidersConfiguration$HikariPoolDataSourceMetadataProviderConfiguration'
2025-05-03T10:16:10.695-04:00 DEBUG 37596 --- [instagram-backend-bd] [           main] o.s.b.f.s.DefaultListableBeanFactory     : Creating shared instance of singleton bean 'entityManagerFactoryBuilder'
2025-05-03T10:16:10.697-04:00 DEBUG 37596 --- [instagram-backend-bd] [           main] o.s.b.f.s.DefaultListableBeanFactory     : Creating shared instance of singleton bean 'jpaVendorAdapter'
2025-05-03T10:16:10.717-04:00 DEBUG 37596 --- [instagram-backend-bd] [           main] o.s.b.f.s.DefaultListableBeanFactory     : Autowiring by type from bean name 'entityManagerFactoryBuilder' via factory method to bean named 'jpaVendorAdapter'
2025-05-03T10:16:10.724-04:00 DEBUG 37596 --- [instagram-backend-bd] [           main] o.s.b.f.s.DefaultListableBeanFactory     : Creating shared instance of singleton bean 'persistenceManagedTypes'
2025-05-03T10:16:10.726-04:00 DEBUG 37596 --- [instagram-backend-bd] [           main] o.s.b.f.s.DefaultListableBeanFactory     : Autowiring by type from bean name 'persistenceManagedTypes' via factory method to bean named 'org.springframework.beans.factory.support.DefaultListableBeanFactory@38f2e97e'
2025-05-03T10:16:10.726-04:00 DEBUG 37596 --- [instagram-backend-bd] [           main] o.s.b.f.s.DefaultListableBeanFactory     : Autowiring by type from bean name 'persistenceManagedTypes' via factory method to bean named 'org.springframework.web.context.support.GenericWebApplicationContext@2fa7ae9'
2025-05-03T10:16:10.742-04:00 DEBUG 37596 --- [instagram-backend-bd] [           main] o.s.b.f.s.DefaultListableBeanFactory     : Autowiring by type from bean name 'entityManagerFactory' via factory method to bean named 'entityManagerFactoryBuilder'
2025-05-03T10:16:10.743-04:00 DEBUG 37596 --- [instagram-backend-bd] [           main] o.s.b.f.s.DefaultListableBeanFactory     : Autowiring by type from bean name 'entityManagerFactory' via factory method to bean named 'persistenceManagedTypes'
2025-05-03T10:16:10.772-04:00 DEBUG 37596 --- [instagram-backend-bd] [           main] j.LocalContainerEntityManagerFactoryBean : Building JPA container EntityManagerFactory for persistence unit 'default'
2025-05-03T10:16:10.826-04:00 DEBUG 37596 --- [instagram-backend-bd] [           main] o.hibernate.jpa.internal.util.LogHelper  : PersistenceUnitInfo [
	name: default
	persistence provider classname: null
	classloader: jdk.internal.loader.ClassLoaders$AppClassLoader@70dea4e
	excludeUnlistedClasses: true
	JTA datasource: null
	Non JTA datasource: HikariDataSource (null)
	Transaction type: RESOURCE_LOCAL
	PU root URL: file:/C:/Users/cvalv/Desktop/FULLSTACK%20I/REFORZAMIENTO%203/instagram-backend-bd/target/test-classes/
	Shared Cache Mode: UNSPECIFIED
	Validation Mode: AUTO
	Jar files URLs []
	Managed classes names [
		com.fullstack.instagram_backend_bd.model.Post
		com.fullstack.instagram_backend_bd.model.ProfileInfo
		com.fullstack.instagram_backend_bd.model.User]
	Mapping files names []
	Properties []
2025-05-03T10:16:10.860-04:00 DEBUG 37596 --- [instagram-backend-bd] [           main] o.h.i.internal.IntegratorServiceImpl     : Adding Integrator [org.hibernate.boot.beanvalidation.BeanValidationIntegrator].
2025-05-03T10:16:10.863-04:00 DEBUG 37596 --- [instagram-backend-bd] [           main] o.h.i.internal.IntegratorServiceImpl     : Adding Integrator [org.hibernate.cache.internal.CollectionCacheInvalidator].
2025-05-03T10:16:10.970-04:00  INFO 37596 --- [instagram-backend-bd] [           main] org.hibernate.Version                    : HHH000412: Hibernate ORM core version 6.5.2.Final
2025-05-03T10:16:10.973-04:00 DEBUG 37596 --- [instagram-backend-bd] [           main] org.hibernate.cfg.Environment            : HHH000206: 'hibernate.properties' not found
2025-05-03T10:16:11.040-04:00 DEBUG 37596 --- [instagram-backend-bd] [           main] org.hibernate.orm.idgen.factory          : Registering IdentifierGenerator strategy [uuid2] -> [org.hibernate.id.UUIDGenerator]
2025-05-03T10:16:11.043-04:00 DEBUG 37596 --- [instagram-backend-bd] [           main] org.hibernate.orm.idgen.factory          : Registering IdentifierGenerator strategy [guid] -> [org.hibernate.id.GUIDGenerator]
2025-05-03T10:16:11.044-04:00 DEBUG 37596 --- [instagram-backend-bd] [           main] org.hibernate.orm.idgen.factory          : Registering IdentifierGenerator strategy [uuid] -> [org.hibernate.id.UUIDHexGenerator]
2025-05-03T10:16:11.045-04:00 DEBUG 37596 --- [instagram-backend-bd] [           main] org.hibernate.orm.idgen.factory          : Registering IdentifierGenerator strategy [uuid.hex] -> [org.hibernate.id.UUIDHexGenerator]
2025-05-03T10:16:11.045-04:00 DEBUG 37596 --- [instagram-backend-bd] [           main] org.hibernate.orm.idgen.factory          : Registering IdentifierGenerator strategy [assigned] -> [org.hibernate.id.Assigned]
2025-05-03T10:16:11.047-04:00 DEBUG 37596 --- [instagram-backend-bd] [           main] org.hibernate.orm.idgen.factory          : Registering IdentifierGenerator strategy [identity] -> [org.hibernate.id.IdentityGenerator]
2025-05-03T10:16:11.048-04:00 DEBUG 37596 --- [instagram-backend-bd] [           main] org.hibernate.orm.idgen.factory          : Registering IdentifierGenerator strategy [select] -> [org.hibernate.id.SelectGenerator]
2025-05-03T10:16:11.050-04:00 DEBUG 37596 --- [instagram-backend-bd] [           main] org.hibernate.orm.idgen.factory          : Registering IdentifierGenerator strategy [sequence] -> [org.hibernate.id.enhanced.SequenceStyleGenerator]
2025-05-03T10:16:11.051-04:00 DEBUG 37596 --- [instagram-backend-bd] [           main] org.hibernate.orm.idgen.factory          : Registering IdentifierGenerator strategy [increment] -> [org.hibernate.id.IncrementGenerator]
2025-05-03T10:16:11.053-04:00 DEBUG 37596 --- [instagram-backend-bd] [           main] org.hibernate.orm.idgen.factory          : Registering IdentifierGenerator strategy [foreign] -> [org.hibernate.id.ForeignGenerator]
2025-05-03T10:16:11.053-04:00 DEBUG 37596 --- [instagram-backend-bd] [           main] org.hibernate.orm.idgen.factory          : Registering IdentifierGenerator strategy [enhanced-sequence] -> [org.hibernate.id.enhanced.SequenceStyleGenerator]
2025-05-03T10:16:11.056-04:00 DEBUG 37596 --- [instagram-backend-bd] [           main] org.hibernate.orm.idgen.factory          : Registering IdentifierGenerator strategy [enhanced-table] -> [org.hibernate.id.enhanced.TableGenerator]
2025-05-03T10:16:11.071-04:00 DEBUG 37596 --- [instagram-backend-bd] [           main] o.h.c.internal.RegionFactoryInitiator    : Cannot default RegionFactory based on registered strategies as `[]` RegionFactory strategies were registered
2025-05-03T10:16:11.074-04:00  INFO 37596 --- [instagram-backend-bd] [           main] o.h.c.internal.RegionFactoryInitiator    : HHH000026: Second-level cache disabled
2025-05-03T10:16:11.286-04:00 DEBUG 37596 --- [instagram-backend-bd] [           main] org.hibernate.type.BasicTypeRegistry     : Adding type registration boolean -> org.hibernate.type.BasicTypeReference@1511d157
2025-05-03T10:16:11.286-04:00 DEBUG 37596 --- [instagram-backend-bd] [           main] org.hibernate.type.BasicTypeRegistry     : Adding type registration boolean -> org.hibernate.type.BasicTypeReference@1511d157
2025-05-03T10:16:11.286-04:00 DEBUG 37596 --- [instagram-backend-bd] [           main] org.hibernate.type.BasicTypeRegistry     : Adding type registration java.lang.Boolean -> org.hibernate.type.BasicTypeReference@1511d157
2025-05-03T10:16:11.286-04:00 DEBUG 37596 --- [instagram-backend-bd] [           main] org.hibernate.type.BasicTypeRegistry     : Adding type registration numeric_boolean -> org.hibernate.type.BasicTypeReference@418f890f
2025-05-03T10:16:11.287-04:00 DEBUG 37596 --- [instagram-backend-bd] [           main] org.hibernate.type.BasicTypeRegistry     : Adding type registration org.hibernate.type.NumericBooleanConverter -> org.hibernate.type.BasicTypeReference@418f890f
2025-05-03T10:16:11.287-04:00 DEBUG 37596 --- [instagram-backend-bd] [           main] org.hibernate.type.BasicTypeRegistry     : Adding type registration true_false -> org.hibernate.type.BasicTypeReference@3d3c886f
2025-05-03T10:16:11.288-04:00 DEBUG 37596 --- [instagram-backend-bd] [           main] org.hibernate.type.BasicTypeRegistry     : Adding type registration org.hibernate.type.TrueFalseConverter -> org.hibernate.type.BasicTypeReference@3d3c886f
2025-05-03T10:16:11.288-04:00 DEBUG 37596 --- [instagram-backend-bd] [           main] org.hibernate.type.BasicTypeRegistry     : Adding type registration yes_no -> org.hibernate.type.BasicTypeReference@7d66e544
2025-05-03T10:16:11.288-04:00 DEBUG 37596 --- [instagram-backend-bd] [           main] org.hibernate.type.BasicTypeRegistry     : Adding type registration org.hibernate.type.YesNoConverter -> org.hibernate.type.BasicTypeReference@7d66e544
2025-05-03T10:16:11.288-04:00 DEBUG 37596 --- [instagram-backend-bd] [           main] org.hibernate.type.BasicTypeRegistry     : Adding type registration byte -> org.hibernate.type.BasicTypeReference@666618d6
2025-05-03T10:16:11.288-04:00 DEBUG 37596 --- [instagram-backend-bd] [           main] org.hibernate.type.BasicTypeRegistry     : Adding type registration byte -> org.hibernate.type.BasicTypeReference@666618d6
2025-05-03T10:16:11.288-04:00 DEBUG 37596 --- [instagram-backend-bd] [           main] org.hibernate.type.BasicTypeRegistry     : Adding type registration java.lang.Byte -> org.hibernate.type.BasicTypeReference@666618d6
2025-05-03T10:16:11.288-04:00 DEBUG 37596 --- [instagram-backend-bd] [           main] org.hibernate.type.BasicTypeRegistry     : Adding type registration binary -> org.hibernate.type.BasicTypeReference@5b1c32e4
2025-05-03T10:16:11.289-04:00 DEBUG 37596 --- [instagram-backend-bd] [           main] org.hibernate.type.BasicTypeRegistry     : Adding type registration byte[] -> org.hibernate.type.BasicTypeReference@5b1c32e4
2025-05-03T10:16:11.289-04:00 DEBUG 37596 --- [instagram-backend-bd] [           main] org.hibernate.type.BasicTypeRegistry     : Adding type registration [B -> org.hibernate.type.BasicTypeReference@5b1c32e4
2025-05-03T10:16:11.289-04:00 DEBUG 37596 --- [instagram-backend-bd] [           main] org.hibernate.type.BasicTypeRegistry     : Adding type registration binary_wrapper -> org.hibernate.type.BasicTypeReference@2bab618
2025-05-03T10:16:11.289-04:00 DEBUG 37596 --- [instagram-backend-bd] [           main] org.hibernate.type.BasicTypeRegistry     : Adding type registration wrapper-binary -> org.hibernate.type.BasicTypeReference@2bab618
2025-05-03T10:16:11.289-04:00 DEBUG 37596 --- [instagram-backend-bd] [           main] org.hibernate.type.BasicTypeRegistry     : Adding type registration image -> org.hibernate.type.BasicTypeReference@48bc2fce
2025-05-03T10:16:11.289-04:00 DEBUG 37596 --- [instagram-backend-bd] [           main] org.hibernate.type.BasicTypeRegistry     : Adding type registration blob -> org.hibernate.type.BasicTypeReference@1eca3ea7
2025-05-03T10:16:11.289-04:00 DEBUG 37596 --- [instagram-backend-bd] [           main] org.hibernate.type.BasicTypeRegistry     : Adding type registration java.sql.Blob -> org.hibernate.type.BasicTypeReference@1eca3ea7
2025-05-03T10:16:11.289-04:00 DEBUG 37596 --- [instagram-backend-bd] [           main] org.hibernate.type.BasicTypeRegistry     : Adding type registration materialized_blob -> org.hibernate.type.BasicTypeReference@24fba488
2025-05-03T10:16:11.289-04:00 DEBUG 37596 --- [instagram-backend-bd] [           main] org.hibernate.type.BasicTypeRegistry     : Adding type registration materialized_blob_wrapper -> org.hibernate.type.BasicTypeReference@73a6cc79
2025-05-03T10:16:11.290-04:00 DEBUG 37596 --- [instagram-backend-bd] [           main] org.hibernate.type.BasicTypeRegistry     : Adding type registration short -> org.hibernate.type.BasicTypeReference@5a4d4f9c
2025-05-03T10:16:11.290-04:00 DEBUG 37596 --- [instagram-backend-bd] [           main] org.hibernate.type.BasicTypeRegistry     : Adding type registration short -> org.hibernate.type.BasicTypeReference@5a4d4f9c
2025-05-03T10:16:11.290-04:00 DEBUG 37596 --- [instagram-backend-bd] [           main] org.hibernate.type.BasicTypeRegistry     : Adding type registration java.lang.Short -> org.hibernate.type.BasicTypeReference@5a4d4f9c
2025-05-03T10:16:11.290-04:00 DEBUG 37596 --- [instagram-backend-bd] [           main] org.hibernate.type.BasicTypeRegistry     : Adding type registration integer -> org.hibernate.type.BasicTypeReference@153d6d74
2025-05-03T10:16:11.290-04:00 DEBUG 37596 --- [instagram-backend-bd] [           main] org.hibernate.type.BasicTypeRegistry     : Adding type registration int -> org.hibernate.type.BasicTypeReference@153d6d74
2025-05-03T10:16:11.290-04:00 DEBUG 37596 --- [instagram-backend-bd] [           main] org.hibernate.type.BasicTypeRegistry     : Adding type registration java.lang.Integer -> org.hibernate.type.BasicTypeReference@153d6d74
2025-05-03T10:16:11.290-04:00 DEBUG 37596 --- [instagram-backend-bd] [           main] org.hibernate.type.BasicTypeRegistry     : Adding type registration long -> org.hibernate.type.BasicTypeReference@6c9b44bf
2025-05-03T10:16:11.291-04:00 DEBUG 37596 --- [instagram-backend-bd] [           main] org.hibernate.type.BasicTypeRegistry     : Adding type registration long -> org.hibernate.type.BasicTypeReference@6c9b44bf
2025-05-03T10:16:11.291-04:00 DEBUG 37596 --- [instagram-backend-bd] [           main] org.hibernate.type.BasicTypeRegistry     : Adding type registration java.lang.Long -> org.hibernate.type.BasicTypeReference@6c9b44bf
2025-05-03T10:16:11.291-04:00 DEBUG 37596 --- [instagram-backend-bd] [           main] org.hibernate.type.BasicTypeRegistry     : Adding type registration float -> org.hibernate.type.BasicTypeReference@299b9851
2025-05-03T10:16:11.291-04:00 DEBUG 37596 --- [instagram-backend-bd] [           main] org.hibernate.type.BasicTypeRegistry     : Adding type registration float -> org.hibernate.type.BasicTypeReference@299b9851
2025-05-03T10:16:11.291-04:00 DEBUG 37596 --- [instagram-backend-bd] [           main] org.hibernate.type.BasicTypeRegistry     : Adding type registration java.lang.Float -> org.hibernate.type.BasicTypeReference@299b9851
2025-05-03T10:16:11.291-04:00 DEBUG 37596 --- [instagram-backend-bd] [           main] org.hibernate.type.BasicTypeRegistry     : Adding type registration double -> org.hibernate.type.BasicTypeReference@191a0351
2025-05-03T10:16:11.291-04:00 DEBUG 37596 --- [instagram-backend-bd] [           main] org.hibernate.type.BasicTypeRegistry     : Adding type registration double -> org.hibernate.type.BasicTypeReference@191a0351
2025-05-03T10:16:11.291-04:00 DEBUG 37596 --- [instagram-backend-bd] [           main] org.hibernate.type.BasicTypeRegistry     : Adding type registration java.lang.Double -> org.hibernate.type.BasicTypeReference@191a0351
2025-05-03T10:16:11.291-04:00 DEBUG 37596 --- [instagram-backend-bd] [           main] org.hibernate.type.BasicTypeRegistry     : Adding type registration big_integer -> org.hibernate.type.BasicTypeReference@67328bcb
2025-05-03T10:16:11.291-04:00 DEBUG 37596 --- [instagram-backend-bd] [           main] org.hibernate.type.BasicTypeRegistry     : Adding type registration java.math.BigInteger -> org.hibernate.type.BasicTypeReference@67328bcb
2025-05-03T10:16:11.291-04:00 DEBUG 37596 --- [instagram-backend-bd] [           main] org.hibernate.type.BasicTypeRegistry     : Adding type registration big_decimal -> org.hibernate.type.BasicTypeReference@51ba952e
2025-05-03T10:16:11.292-04:00 DEBUG 37596 --- [instagram-backend-bd] [           main] org.hibernate.type.BasicTypeRegistry     : Adding type registration java.math.BigDecimal -> org.hibernate.type.BasicTypeReference@51ba952e
2025-05-03T10:16:11.292-04:00 DEBUG 37596 --- [instagram-backend-bd] [           main] org.hibernate.type.BasicTypeRegistry     : Adding type registration character -> org.hibernate.type.BasicTypeReference@2416c658
2025-05-03T10:16:11.292-04:00 DEBUG 37596 --- [instagram-backend-bd] [           main] org.hibernate.type.BasicTypeRegistry     : Adding type registration char -> org.hibernate.type.BasicTypeReference@2416c658
2025-05-03T10:16:11.292-04:00 DEBUG 37596 --- [instagram-backend-bd] [           main] org.hibernate.type.BasicTypeRegistry     : Adding type registration java.lang.Character -> org.hibernate.type.BasicTypeReference@2416c658
2025-05-03T10:16:11.292-04:00 DEBUG 37596 --- [instagram-backend-bd] [           main] org.hibernate.type.BasicTypeRegistry     : Adding type registration character_nchar -> org.hibernate.type.BasicTypeReference@6d5f4900
2025-05-03T10:16:11.292-04:00 DEBUG 37596 --- [instagram-backend-bd] [           main] org.hibernate.type.BasicTypeRegistry     : Adding type registration string -> org.hibernate.type.BasicTypeReference@1e40fbb3
2025-05-03T10:16:11.292-04:00 DEBUG 37596 --- [instagram-backend-bd] [           main] org.hibernate.type.BasicTypeRegistry     : Adding type registration java.lang.String -> org.hibernate.type.BasicTypeReference@1e40fbb3
2025-05-03T10:16:11.292-04:00 DEBUG 37596 --- [instagram-backend-bd] [           main] org.hibernate.type.BasicTypeRegistry     : Adding type registration nstring -> org.hibernate.type.BasicTypeReference@1b560eb0
2025-05-03T10:16:11.292-04:00 DEBUG 37596 --- [instagram-backend-bd] [           main] org.hibernate.type.BasicTypeRegistry     : Adding type registration characters -> org.hibernate.type.BasicTypeReference@9e02f84
2025-05-03T10:16:11.292-04:00 DEBUG 37596 --- [instagram-backend-bd] [           main] org.hibernate.type.BasicTypeRegistry     : Adding type registration char[] -> org.hibernate.type.BasicTypeReference@9e02f84
2025-05-03T10:16:11.293-04:00 DEBUG 37596 --- [instagram-backend-bd] [           main] org.hibernate.type.BasicTypeRegistry     : Adding type registration [C -> org.hibernate.type.BasicTypeReference@9e02f84
2025-05-03T10:16:11.293-04:00 DEBUG 37596 --- [instagram-backend-bd] [           main] org.hibernate.type.BasicTypeRegistry     : Adding type registration wrapper-characters -> org.hibernate.type.BasicTypeReference@1e6060f1
2025-05-03T10:16:11.293-04:00 DEBUG 37596 --- [instagram-backend-bd] [           main] org.hibernate.type.BasicTypeRegistry     : Adding type registration text -> org.hibernate.type.BasicTypeReference@7e49ded
2025-05-03T10:16:11.293-04:00 DEBUG 37596 --- [instagram-backend-bd] [           main] org.hibernate.type.BasicTypeRegistry     : Adding type registration ntext -> org.hibernate.type.BasicTypeReference@2c6c302f
2025-05-03T10:16:11.294-04:00 DEBUG 37596 --- [instagram-backend-bd] [           main] org.hibernate.type.BasicTypeRegistry     : Adding type registration clob -> org.hibernate.type.BasicTypeReference@2478b629
2025-05-03T10:16:11.294-04:00 DEBUG 37596 --- [instagram-backend-bd] [           main] org.hibernate.type.BasicTypeRegistry     : Adding type registration java.sql.Clob -> org.hibernate.type.BasicTypeReference@2478b629
2025-05-03T10:16:11.294-04:00 DEBUG 37596 --- [instagram-backend-bd] [           main] org.hibernate.type.BasicTypeRegistry     : Adding type registration nclob -> org.hibernate.type.BasicTypeReference@39023dbf
2025-05-03T10:16:11.294-04:00 DEBUG 37596 --- [instagram-backend-bd] [           main] org.hibernate.type.BasicTypeRegistry     : Adding type registration java.sql.NClob -> org.hibernate.type.BasicTypeReference@39023dbf
2025-05-03T10:16:11.294-04:00 DEBUG 37596 --- [instagram-backend-bd] [           main] org.hibernate.type.BasicTypeRegistry     : Adding type registration materialized_clob -> org.hibernate.type.BasicTypeReference@1a2ac487
2025-05-03T10:16:11.294-04:00 DEBUG 37596 --- [instagram-backend-bd] [           main] org.hibernate.type.BasicTypeRegistry     : Adding type registration materialized_clob_char_array -> org.hibernate.type.BasicTypeReference@570a62a5
2025-05-03T10:16:11.294-04:00 DEBUG 37596 --- [instagram-backend-bd] [           main] org.hibernate.type.BasicTypeRegistry     : Adding type registration materialized_clob_character_array -> org.hibernate.type.BasicTypeReference@36224f93
2025-05-03T10:16:11.294-04:00 DEBUG 37596 --- [instagram-backend-bd] [           main] org.hibernate.type.BasicTypeRegistry     : Adding type registration materialized_nclob -> org.hibernate.type.BasicTypeReference@1ee5632d
2025-05-03T10:16:11.294-04:00 DEBUG 37596 --- [instagram-backend-bd] [           main] org.hibernate.type.BasicTypeRegistry     : Adding type registration materialized_nclob_character_array -> org.hibernate.type.BasicTypeReference@52a7928a
2025-05-03T10:16:11.294-04:00 DEBUG 37596 --- [instagram-backend-bd] [           main] org.hibernate.type.BasicTypeRegistry     : Adding type registration materialized_nclob_char_array -> org.hibernate.type.BasicTypeReference@563ccd31
2025-05-03T10:16:11.294-04:00 DEBUG 37596 --- [instagram-backend-bd] [           main] org.hibernate.type.BasicTypeRegistry     : Adding type registration Duration -> org.hibernate.type.BasicTypeReference@72465eb2
2025-05-03T10:16:11.294-04:00 DEBUG 37596 --- [instagram-backend-bd] [           main] org.hibernate.type.BasicTypeRegistry     : Adding type registration java.time.Duration -> org.hibernate.type.BasicTypeReference@72465eb2
2025-05-03T10:16:11.294-04:00 DEBUG 37596 --- [instagram-backend-bd] [           main] org.hibernate.type.BasicTypeRegistry     : Adding type registration LocalDateTime -> org.hibernate.type.BasicTypeReference@478fb7dc
2025-05-03T10:16:11.295-04:00 DEBUG 37596 --- [instagram-backend-bd] [           main] org.hibernate.type.BasicTypeRegistry     : Adding type registration java.time.LocalDateTime -> org.hibernate.type.BasicTypeReference@478fb7dc
2025-05-03T10:16:11.295-04:00 DEBUG 37596 --- [instagram-backend-bd] [           main] org.hibernate.type.BasicTypeRegistry     : Adding type registration LocalDate -> org.hibernate.type.BasicTypeReference@29d25e65
2025-05-03T10:16:11.295-04:00 DEBUG 37596 --- [instagram-backend-bd] [           main] org.hibernate.type.BasicTypeRegistry     : Adding type registration java.time.LocalDate -> org.hibernate.type.BasicTypeReference@29d25e65
2025-05-03T10:16:11.295-04:00 DEBUG 37596 --- [instagram-backend-bd] [           main] org.hibernate.type.BasicTypeRegistry     : Adding type registration LocalTime -> org.hibernate.type.BasicTypeReference@19b75b2b
2025-05-03T10:16:11.296-04:00 DEBUG 37596 --- [instagram-backend-bd] [           main] org.hibernate.type.BasicTypeRegistry     : Adding type registration java.time.LocalTime -> org.hibernate.type.BasicTypeReference@19b75b2b
2025-05-03T10:16:11.296-04:00 DEBUG 37596 --- [instagram-backend-bd] [           main] org.hibernate.type.BasicTypeRegistry     : Adding type registration OffsetDateTime -> org.hibernate.type.BasicTypeReference@59c43561
2025-05-03T10:16:11.296-04:00 DEBUG 37596 --- [instagram-backend-bd] [           main] org.hibernate.type.BasicTypeRegistry     : Adding type registration java.time.OffsetDateTime -> org.hibernate.type.BasicTypeReference@59c43561
2025-05-03T10:16:11.296-04:00 DEBUG 37596 --- [instagram-backend-bd] [           main] org.hibernate.type.BasicTypeRegistry     : Adding type registration OffsetDateTimeWithTimezone -> org.hibernate.type.BasicTypeReference@634f58d2
2025-05-03T10:16:11.296-04:00 DEBUG 37596 --- [instagram-backend-bd] [           main] org.hibernate.type.BasicTypeRegistry     : Adding type registration OffsetDateTimeWithoutTimezone -> org.hibernate.type.BasicTypeReference@585513a8
2025-05-03T10:16:11.296-04:00 DEBUG 37596 --- [instagram-backend-bd] [           main] org.hibernate.type.BasicTypeRegistry     : Adding type registration OffsetTime -> org.hibernate.type.BasicTypeReference@7b18658a
2025-05-03T10:16:11.296-04:00 DEBUG 37596 --- [instagram-backend-bd] [           main] org.hibernate.type.BasicTypeRegistry     : Adding type registration java.time.OffsetTime -> org.hibernate.type.BasicTypeReference@7b18658a
2025-05-03T10:16:11.296-04:00 DEBUG 37596 --- [instagram-backend-bd] [           main] org.hibernate.type.BasicTypeRegistry     : Adding type registration OffsetTimeUtc -> org.hibernate.type.BasicTypeReference@30f28b5
2025-05-03T10:16:11.296-04:00 DEBUG 37596 --- [instagram-backend-bd] [           main] org.hibernate.type.BasicTypeRegistry     : Adding type registration OffsetTimeWithTimezone -> org.hibernate.type.BasicTypeReference@1a1f79ce
2025-05-03T10:16:11.297-04:00 DEBUG 37596 --- [instagram-backend-bd] [           main] org.hibernate.type.BasicTypeRegistry     : Adding type registration OffsetTimeWithoutTimezone -> org.hibernate.type.BasicTypeReference@6aa7e176
2025-05-03T10:16:11.297-04:00 DEBUG 37596 --- [instagram-backend-bd] [           main] org.hibernate.type.BasicTypeRegistry     : Adding type registration ZonedDateTime -> org.hibernate.type.BasicTypeReference@52abed9d
2025-05-03T10:16:11.297-04:00 DEBUG 37596 --- [instagram-backend-bd] [           main] org.hibernate.type.BasicTypeRegistry     : Adding type registration java.time.ZonedDateTime -> org.hibernate.type.BasicTypeReference@52abed9d
2025-05-03T10:16:11.297-04:00 DEBUG 37596 --- [instagram-backend-bd] [           main] org.hibernate.type.BasicTypeRegistry     : Adding type registration ZonedDateTimeWithTimezone -> org.hibernate.type.BasicTypeReference@281b2dfd
2025-05-03T10:16:11.297-04:00 DEBUG 37596 --- [instagram-backend-bd] [           main] org.hibernate.type.BasicTypeRegistry     : Adding type registration ZonedDateTimeWithoutTimezone -> org.hibernate.type.BasicTypeReference@492be039
2025-05-03T10:16:11.297-04:00 DEBUG 37596 --- [instagram-backend-bd] [           main] org.hibernate.type.BasicTypeRegistry     : Adding type registration date -> org.hibernate.type.BasicTypeReference@1cd2143b
2025-05-03T10:16:11.297-04:00 DEBUG 37596 --- [instagram-backend-bd] [           main] org.hibernate.type.BasicTypeRegistry     : Adding type registration java.sql.Date -> org.hibernate.type.BasicTypeReference@1cd2143b
2025-05-03T10:16:11.297-04:00 DEBUG 37596 --- [instagram-backend-bd] [           main] org.hibernate.type.BasicTypeRegistry     : Adding type registration time -> org.hibernate.type.BasicTypeReference@1118d539
2025-05-03T10:16:11.297-04:00 DEBUG 37596 --- [instagram-backend-bd] [           main] org.hibernate.type.BasicTypeRegistry     : Adding type registration java.sql.Time -> org.hibernate.type.BasicTypeReference@1118d539
2025-05-03T10:16:11.297-04:00 DEBUG 37596 --- [instagram-backend-bd] [           main] org.hibernate.type.BasicTypeRegistry     : Adding type registration timestamp -> org.hibernate.type.BasicTypeReference@601d6622
2025-05-03T10:16:11.297-04:00 DEBUG 37596 --- [instagram-backend-bd] [           main] org.hibernate.type.BasicTypeRegistry     : Adding type registration java.sql.Timestamp -> org.hibernate.type.BasicTypeReference@601d6622
2025-05-03T10:16:11.297-04:00 DEBUG 37596 --- [instagram-backend-bd] [           main] org.hibernate.type.BasicTypeRegistry     : Adding type registration java.util.Date -> org.hibernate.type.BasicTypeReference@601d6622
2025-05-03T10:16:11.297-04:00 DEBUG 37596 --- [instagram-backend-bd] [           main] org.hibernate.type.BasicTypeRegistry     : Adding type registration calendar -> org.hibernate.type.BasicTypeReference@76216830
2025-05-03T10:16:11.297-04:00 DEBUG 37596 --- [instagram-backend-bd] [           main] org.hibernate.type.BasicTypeRegistry     : Adding type registration java.util.Calendar -> org.hibernate.type.BasicTypeReference@76216830
2025-05-03T10:16:11.297-04:00 DEBUG 37596 --- [instagram-backend-bd] [           main] org.hibernate.type.BasicTypeRegistry     : Adding type registration java.util.GregorianCalendar -> org.hibernate.type.BasicTypeReference@76216830
2025-05-03T10:16:11.297-04:00 DEBUG 37596 --- [instagram-backend-bd] [           main] org.hibernate.type.BasicTypeRegistry     : Adding type registration calendar_date -> org.hibernate.type.BasicTypeReference@7aded903
2025-05-03T10:16:11.298-04:00 DEBUG 37596 --- [instagram-backend-bd] [           main] org.hibernate.type.BasicTypeRegistry     : Adding type registration calendar_time -> org.hibernate.type.BasicTypeReference@261f359f
2025-05-03T10:16:11.298-04:00 DEBUG 37596 --- [instagram-backend-bd] [           main] org.hibernate.type.BasicTypeRegistry     : Adding type registration instant -> org.hibernate.type.BasicTypeReference@5b02a984
2025-05-03T10:16:11.298-04:00 DEBUG 37596 --- [instagram-backend-bd] [           main] org.hibernate.type.BasicTypeRegistry     : Adding type registration java.time.Instant -> org.hibernate.type.BasicTypeReference@5b02a984
2025-05-03T10:16:11.298-04:00 DEBUG 37596 --- [instagram-backend-bd] [           main] org.hibernate.type.BasicTypeRegistry     : Adding type registration uuid -> org.hibernate.type.BasicTypeReference@57186526
2025-05-03T10:16:11.298-04:00 DEBUG 37596 --- [instagram-backend-bd] [           main] org.hibernate.type.BasicTypeRegistry     : Adding type registration java.util.UUID -> org.hibernate.type.BasicTypeReference@57186526
2025-05-03T10:16:11.299-04:00 DEBUG 37596 --- [instagram-backend-bd] [           main] org.hibernate.type.BasicTypeRegistry     : Adding type registration pg-uuid -> org.hibernate.type.BasicTypeReference@57186526
2025-05-03T10:16:11.299-04:00 DEBUG 37596 --- [instagram-backend-bd] [           main] org.hibernate.type.BasicTypeRegistry     : Adding type registration uuid-binary -> org.hibernate.type.BasicTypeReference@391d1e33
2025-05-03T10:16:11.299-04:00 DEBUG 37596 --- [instagram-backend-bd] [           main] org.hibernate.type.BasicTypeRegistry     : Adding type registration uuid-char -> org.hibernate.type.BasicTypeReference@66f16742
2025-05-03T10:16:11.299-04:00 DEBUG 37596 --- [instagram-backend-bd] [           main] org.hibernate.type.BasicTypeRegistry     : Adding type registration class -> org.hibernate.type.BasicTypeReference@2871ac91
2025-05-03T10:16:11.299-04:00 DEBUG 37596 --- [instagram-backend-bd] [           main] org.hibernate.type.BasicTypeRegistry     : Adding type registration java.lang.Class -> org.hibernate.type.BasicTypeReference@2871ac91
2025-05-03T10:16:11.299-04:00 DEBUG 37596 --- [instagram-backend-bd] [           main] org.hibernate.type.BasicTypeRegistry     : Adding type registration currency -> org.hibernate.type.BasicTypeReference@3c54ddec
2025-05-03T10:16:11.299-04:00 DEBUG 37596 --- [instagram-backend-bd] [           main] org.hibernate.type.BasicTypeRegistry     : Adding type registration Currency -> org.hibernate.type.BasicTypeReference@3c54ddec
2025-05-03T10:16:11.299-04:00 DEBUG 37596 --- [instagram-backend-bd] [           main] org.hibernate.type.BasicTypeRegistry     : Adding type registration java.util.Currency -> org.hibernate.type.BasicTypeReference@3c54ddec
2025-05-03T10:16:11.299-04:00 DEBUG 37596 --- [instagram-backend-bd] [           main] org.hibernate.type.BasicTypeRegistry     : Adding type registration locale -> org.hibernate.type.BasicTypeReference@6d69a0d3
2025-05-03T10:16:11.299-04:00 DEBUG 37596 --- [instagram-backend-bd] [           main] org.hibernate.type.BasicTypeRegistry     : Adding type registration java.util.Locale -> org.hibernate.type.BasicTypeReference@6d69a0d3
2025-05-03T10:16:11.299-04:00 DEBUG 37596 --- [instagram-backend-bd] [           main] org.hibernate.type.BasicTypeRegistry     : Adding type registration serializable -> org.hibernate.type.BasicTypeReference@4f114b
2025-05-03T10:16:11.300-04:00 DEBUG 37596 --- [instagram-backend-bd] [           main] org.hibernate.type.BasicTypeRegistry     : Adding type registration java.io.Serializable -> org.hibernate.type.BasicTypeReference@4f114b
2025-05-03T10:16:11.300-04:00 DEBUG 37596 --- [instagram-backend-bd] [           main] org.hibernate.type.BasicTypeRegistry     : Adding type registration timezone -> org.hibernate.type.BasicTypeReference@257f30f7
2025-05-03T10:16:11.300-04:00 DEBUG 37596 --- [instagram-backend-bd] [           main] org.hibernate.type.BasicTypeRegistry     : Adding type registration java.util.TimeZone -> org.hibernate.type.BasicTypeReference@257f30f7
2025-05-03T10:16:11.300-04:00 DEBUG 37596 --- [instagram-backend-bd] [           main] org.hibernate.type.BasicTypeRegistry     : Adding type registration ZoneOffset -> org.hibernate.type.BasicTypeReference@3fde2209
2025-05-03T10:16:11.300-04:00 DEBUG 37596 --- [instagram-backend-bd] [           main] org.hibernate.type.BasicTypeRegistry     : Adding type registration java.time.ZoneOffset -> org.hibernate.type.BasicTypeReference@3fde2209
2025-05-03T10:16:11.300-04:00 DEBUG 37596 --- [instagram-backend-bd] [           main] org.hibernate.type.BasicTypeRegistry     : Adding type registration url -> org.hibernate.type.BasicTypeReference@1f916219
2025-05-03T10:16:11.300-04:00 DEBUG 37596 --- [instagram-backend-bd] [           main] org.hibernate.type.BasicTypeRegistry     : Adding type registration java.net.URL -> org.hibernate.type.BasicTypeReference@1f916219
2025-05-03T10:16:11.300-04:00 DEBUG 37596 --- [instagram-backend-bd] [           main] org.hibernate.type.BasicTypeRegistry     : Adding type registration vector -> org.hibernate.type.BasicTypeReference@67acfde9
2025-05-03T10:16:11.300-04:00 DEBUG 37596 --- [instagram-backend-bd] [           main] org.hibernate.type.BasicTypeRegistry     : Adding type registration row_version -> org.hibernate.type.BasicTypeReference@3b088163
2025-05-03T10:16:11.309-04:00 DEBUG 37596 --- [instagram-backend-bd] [           main] org.hibernate.type.BasicTypeRegistry     : Adding type registration object -> org.hibernate.type.JavaObjectType@256bb5be
2025-05-03T10:16:11.309-04:00 DEBUG 37596 --- [instagram-backend-bd] [           main] org.hibernate.type.BasicTypeRegistry     : Adding type registration java.lang.Object -> org.hibernate.type.JavaObjectType@256bb5be
2025-05-03T10:16:11.311-04:00 DEBUG 37596 --- [instagram-backend-bd] [           main] org.hibernate.type.BasicTypeRegistry     : Adding type registration null -> org.hibernate.type.NullType@1cd2ff5b
2025-05-03T10:16:11.312-04:00 DEBUG 37596 --- [instagram-backend-bd] [           main] org.hibernate.type.BasicTypeRegistry     : Adding type registration imm_date -> org.hibernate.type.BasicTypeReference@38ac8968
2025-05-03T10:16:11.312-04:00 DEBUG 37596 --- [instagram-backend-bd] [           main] org.hibernate.type.BasicTypeRegistry     : Adding type registration imm_time -> org.hibernate.type.BasicTypeReference@17ff8810
2025-05-03T10:16:11.313-04:00 DEBUG 37596 --- [instagram-backend-bd] [           main] org.hibernate.type.BasicTypeRegistry     : Adding type registration imm_timestamp -> org.hibernate.type.BasicTypeReference@6c951ada
2025-05-03T10:16:11.313-04:00 DEBUG 37596 --- [instagram-backend-bd] [           main] org.hibernate.type.BasicTypeRegistry     : Adding type registration imm_calendar -> org.hibernate.type.BasicTypeReference@67b61834
2025-05-03T10:16:11.313-04:00 DEBUG 37596 --- [instagram-backend-bd] [           main] org.hibernate.type.BasicTypeRegistry     : Adding type registration imm_calendar_date -> org.hibernate.type.BasicTypeReference@3b0d3a63
2025-05-03T10:16:11.313-04:00 DEBUG 37596 --- [instagram-backend-bd] [           main] org.hibernate.type.BasicTypeRegistry     : Adding type registration imm_calendar_time -> org.hibernate.type.BasicTypeReference@50598a1a
2025-05-03T10:16:11.313-04:00 DEBUG 37596 --- [instagram-backend-bd] [           main] org.hibernate.type.BasicTypeRegistry     : Adding type registration imm_binary -> org.hibernate.type.BasicTypeReference@14de1901
2025-05-03T10:16:11.313-04:00 DEBUG 37596 --- [instagram-backend-bd] [           main] org.hibernate.type.BasicTypeRegistry     : Adding type registration imm_serializable -> org.hibernate.type.BasicTypeReference@437ed416
2025-05-03T10:16:11.321-04:00 DEBUG 37596 --- [instagram-backend-bd] [           main] o.h.boot.internal.BootstrapContextImpl   : Injecting JPA temp ClassLoader [org.springframework.instrument.classloading.SimpleThrowawayClassLoader@6de43bc1] into BootstrapContext; was [null]
2025-05-03T10:16:11.321-04:00 DEBUG 37596 --- [instagram-backend-bd] [           main] o.h.boot.internal.ClassLoaderAccessImpl  : ClassLoaderAccessImpl#injectTempClassLoader(org.springframework.instrument.classloading.SimpleThrowawayClassLoader@6de43bc1) [was null]
2025-05-03T10:16:11.323-04:00 DEBUG 37596 --- [instagram-backend-bd] [           main] o.h.boot.internal.BootstrapContextImpl   : Injecting ScanEnvironment [org.hibernate.jpa.boot.internal.StandardJpaScanEnvironmentImpl@45037e16] into BootstrapContext; was [null]
2025-05-03T10:16:11.323-04:00 DEBUG 37596 --- [instagram-backend-bd] [           main] o.h.boot.internal.BootstrapContextImpl   : Injecting ScanOptions [org.hibernate.boot.archive.scan.internal.StandardScanOptions@2f2e4bde] into BootstrapContext; was [org.hibernate.boot.archive.scan.internal.StandardScanOptions@6222391a]
2025-05-03T10:16:11.761-04:00  INFO 37596 --- [instagram-backend-bd] [           main] o.s.o.j.p.SpringPersistenceUnitInfo      : No LoadTimeWeaver setup: ignoring JPA class transformer
2025-05-03T10:16:11.761-04:00 DEBUG 37596 --- [instagram-backend-bd] [           main] o.h.boot.internal.BootstrapContextImpl   : Injecting JPA temp ClassLoader [null] into BootstrapContext; was [org.springframework.instrument.classloading.SimpleThrowawayClassLoader@6de43bc1]
2025-05-03T10:16:11.762-04:00 DEBUG 37596 --- [instagram-backend-bd] [           main] o.h.boot.internal.ClassLoaderAccessImpl  : ClassLoaderAccessImpl#injectTempClassLoader(null) [was org.springframework.instrument.classloading.SimpleThrowawayClassLoader@6de43bc1]
2025-05-03T10:16:11.808-04:00  INFO 37596 --- [instagram-backend-bd] [           main] com.zaxxer.hikari.HikariDataSource       : HikariPool-1 - Starting...
2025-05-03T10:16:11.813-04:00  WARN 37596 --- [instagram-backend-bd] [           main] c.zaxxer.hikari.util.DriverDataSource    : Registered driver with driverClassName=oracle.jdbc.driver.OracleDriver was not found, trying direct instantiation.
2025-05-03T10:16:15.406-04:00  INFO 37596 --- [instagram-backend-bd] [           main] com.zaxxer.hikari.pool.HikariPool        : HikariPool-1 - Added connection oracle.jdbc.driver.T4CConnection@43c0c13a
2025-05-03T10:16:15.408-04:00  INFO 37596 --- [instagram-backend-bd] [           main] com.zaxxer.hikari.HikariDataSource       : HikariPool-1 - Start completed.
2025-05-03T10:16:15.412-04:00 DEBUG 37596 --- [instagram-backend-bd] [           main] o.h.e.j.e.i.JdbcEnvironmentInitiator     : Database ->
	   name : Oracle
	version : Oracle Database 19c Enterprise Edition Release 19.0.0.0.0 - Production
Version 19.27.0.1.0
	  major : 19
	  minor : 0
2025-05-03T10:16:15.412-04:00 DEBUG 37596 --- [instagram-backend-bd] [           main] o.h.e.j.e.i.JdbcEnvironmentInitiator     : Driver ->
	   name : Oracle JDBC driver
	version : 21.9.0.0.0
	  major : 21
	  minor : 9
2025-05-03T10:16:15.412-04:00 DEBUG 37596 --- [instagram-backend-bd] [           main] o.h.e.j.e.i.JdbcEnvironmentInitiator     : JDBC version : 4.3
2025-05-03T10:16:15.875-04:00  WARN 37596 --- [instagram-backend-bd] [           main] org.hibernate.orm.deprecation            : HHH90000025: OracleDialect does not need to be specified explicitly using 'hibernate.dialect' (remove the property setting and it will be selected by default)
2025-05-03T10:16:15.877-04:00 DEBUG 37596 --- [instagram-backend-bd] [           main] org.hibernate.orm.dialect                : HHH035001: Using dialect: org.hibernate.dialect.OracleDialect, version: 19.0
2025-05-03T10:16:16.109-04:00 DEBUG 37596 --- [instagram-backend-bd] [           main] o.h.t.d.jdbc.spi.JdbcTypeRegistry        : addDescriptor(NCharTypeDescriptor) replaced previous registration(CharTypeDescriptor)
2025-05-03T10:16:16.109-04:00 DEBUG 37596 --- [instagram-backend-bd] [           main] o.h.t.d.jdbc.spi.JdbcTypeRegistry        : addDescriptor(NVarcharTypeDescriptor) replaced previous registration(VarcharTypeDescriptor)
2025-05-03T10:16:16.110-04:00 DEBUG 37596 --- [instagram-backend-bd] [           main] o.h.t.d.jdbc.spi.JdbcTypeRegistry        : addDescriptor(LongNVarcharTypeDescriptor) replaced previous registration(LongVarcharTypeDescriptor)
2025-05-03T10:16:16.113-04:00 DEBUG 37596 --- [instagram-backend-bd] [           main] o.h.t.d.jdbc.spi.JdbcTypeRegistry        : addDescriptor(NClobTypeDescriptor(DEFAULT)) replaced previous registration(ClobTypeDescriptor(DEFAULT))
2025-05-03T10:16:16.115-04:00 DEBUG 37596 --- [instagram-backend-bd] [           main] o.h.t.d.jdbc.spi.JdbcTypeRegistry        : addDescriptor(2005, ClobTypeDescriptor(STREAM_BINDING)) replaced previous registration(ClobTypeDescriptor(DEFAULT))
2025-05-03T10:16:16.116-04:00 DEBUG 37596 --- [instagram-backend-bd] [           main] o.h.t.d.jdbc.spi.JdbcTypeRegistry        : addDescriptor(BooleanTypeDescriptor) replaced previous registration(BooleanTypeDescriptor)
2025-05-03T10:16:16.129-04:00 DEBUG 37596 --- [instagram-backend-bd] [           main] org.hibernate.type.BasicTypeRegistry     : Adding type registration null -> org.hibernate.type.NullType@6cfd08e9
2025-05-03T10:16:16.129-04:00 DEBUG 37596 --- [instagram-backend-bd] [           main] org.hibernate.type.BasicTypeRegistry     : Type registration key [null] overrode previous entry : `org.hibernate.type.NullType@1cd2ff5b`
2025-05-03T10:16:16.130-04:00 DEBUG 37596 --- [instagram-backend-bd] [           main] org.hibernate.type.BasicTypeRegistry     : Adding type registration JAVA_OBJECT -> org.hibernate.type.JavaObjectType@1c05097c
2025-05-03T10:16:16.130-04:00 DEBUG 37596 --- [instagram-backend-bd] [           main] org.hibernate.type.BasicTypeRegistry     : Adding type registration java.lang.Object -> org.hibernate.type.JavaObjectType@1c05097c
2025-05-03T10:16:16.130-04:00 DEBUG 37596 --- [instagram-backend-bd] [           main] org.hibernate.type.BasicTypeRegistry     : Type registration key [java.lang.Object] overrode previous entry : `org.hibernate.type.JavaObjectType@256bb5be`
2025-05-03T10:16:16.139-04:00 DEBUG 37596 --- [instagram-backend-bd] [           main] org.hibernate.type.BasicTypeRegistry     : Adding type registration org.hibernate.type.DurationType -> basicType@1(java.time.Duration,3015)
2025-05-03T10:16:16.140-04:00 DEBUG 37596 --- [instagram-backend-bd] [           main] org.hibernate.type.BasicTypeRegistry     : Adding type registration Duration -> basicType@1(java.time.Duration,3015)
2025-05-03T10:16:16.140-04:00 DEBUG 37596 --- [instagram-backend-bd] [           main] org.hibernate.type.BasicTypeRegistry     : Adding type registration java.time.Duration -> basicType@1(java.time.Duration,3015)
2025-05-03T10:16:16.147-04:00 DEBUG 37596 --- [instagram-backend-bd] [           main] o.h.type.spi.TypeConfiguration$Scope     : Scoping TypeConfiguration [org.hibernate.type.spi.TypeConfiguration@fee7ca] to MetadataBuildingContext [org.hibernate.boot.internal.MetadataBuildingContextRootImpl@29c80149]
2025-05-03T10:16:16.215-04:00 DEBUG 37596 --- [instagram-backend-bd] [           main] o.h.boot.model.relational.Namespace      : Created database namespace [logicalName=Name{catalog=null, schema=null}, physicalName=Name{catalog=null, schema=null}]
2025-05-03T10:16:16.260-04:00 DEBUG 37596 --- [instagram-backend-bd] [           main] o.h.boot.model.internal.EntityBinder     : Binding entity from annotated class: com.fullstack.instagram_backend_bd.model.Post
2025-05-03T10:16:16.270-04:00 DEBUG 37596 --- [instagram-backend-bd] [           main] o.h.boot.model.internal.EntityBinder     : Import with entity name Post
2025-05-03T10:16:16.281-04:00 DEBUG 37596 --- [instagram-backend-bd] [           main] o.h.boot.model.internal.EntityBinder     : Bind entity com.fullstack.instagram_backend_bd.model.Post on table posts
2025-05-03T10:16:16.305-04:00 DEBUG 37596 --- [instagram-backend-bd] [           main] o.h.boot.model.internal.AnnotatedColumn  : Binding column: AnnotatedDiscriminatorColumn(column='DTYPE')
2025-05-03T10:16:16.341-04:00 DEBUG 37596 --- [instagram-backend-bd] [           main] o.h.boot.model.internal.AnnotatedColumn  : Binding column: AnnotatedColumn()
2025-05-03T10:16:16.342-04:00 DEBUG 37596 --- [instagram-backend-bd] [           main] o.h.boot.internal.ClassLoaderAccessImpl  : Not known whether passed class name [com.fullstack.instagram_backend_bd.model.Post] is safe
2025-05-03T10:16:16.342-04:00 DEBUG 37596 --- [instagram-backend-bd] [           main] o.h.boot.internal.ClassLoaderAccessImpl  : No temp ClassLoader provided; using live ClassLoader for loading potentially unsafe class : com.fullstack.instagram_backend_bd.model.Post
2025-05-03T10:16:16.349-04:00 DEBUG 37596 --- [instagram-backend-bd] [           main] o.h.boot.model.internal.PropertyBinder   : MetadataSourceProcessor property id with lazy=false
2025-05-03T10:16:16.359-04:00 DEBUG 37596 --- [instagram-backend-bd] [           main] o.h.b.m.internal.AbstractPropertyHolder  : Attempting to locate auto-apply AttributeConverter for property [com.fullstack.instagram_backend_bd.model.Post:id]
2025-05-03T10:16:16.363-04:00 DEBUG 37596 --- [instagram-backend-bd] [           main] o.h.b.model.internal.BasicValueBinder    : building BasicValue for id
2025-05-03T10:16:16.369-04:00 DEBUG 37596 --- [instagram-backend-bd] [           main] org.hibernate.mapping.BasicValue         : Skipping column re-registration: posts.id
2025-05-03T10:16:16.372-04:00 DEBUG 37596 --- [instagram-backend-bd] [           main] o.h.boot.model.internal.PropertyBinder   : Building property id
2025-05-03T10:16:16.381-04:00 DEBUG 37596 --- [instagram-backend-bd] [           main] o.h.boot.model.internal.BinderHelper     : #makeIdGenerator(BasicValue([Column(id)]), id, org.hibernate.id.enhanced.SequenceStyleGenerator, post_seq, ...)
2025-05-03T10:16:16.383-04:00 DEBUG 37596 --- [instagram-backend-bd] [           main] o.h.boot.model.internal.AnnotatedColumn  : Binding column: AnnotatedColumn()
2025-05-03T10:16:16.383-04:00 DEBUG 37596 --- [instagram-backend-bd] [           main] o.h.boot.model.internal.PropertyBinder   : MetadataSourceProcessor property caption with lazy=false
2025-05-03T10:16:16.383-04:00 DEBUG 37596 --- [instagram-backend-bd] [           main] o.h.b.m.internal.AbstractPropertyHolder  : Attempting to locate auto-apply AttributeConverter for property [com.fullstack.instagram_backend_bd.model.Post:caption]
2025-05-03T10:16:16.383-04:00 DEBUG 37596 --- [instagram-backend-bd] [           main] o.h.b.model.internal.BasicValueBinder    : building BasicValue for caption
2025-05-03T10:16:16.383-04:00 DEBUG 37596 --- [instagram-backend-bd] [           main] org.hibernate.mapping.BasicValue         : Skipping column re-registration: posts.caption
2025-05-03T10:16:16.384-04:00 DEBUG 37596 --- [instagram-backend-bd] [           main] o.h.boot.model.internal.PropertyBinder   : Building property caption
2025-05-03T10:16:16.385-04:00 DEBUG 37596 --- [instagram-backend-bd] [           main] o.h.boot.model.internal.AnnotatedColumn  : Binding column: AnnotatedColumn()
2025-05-03T10:16:16.385-04:00 DEBUG 37596 --- [instagram-backend-bd] [           main] o.h.boot.model.internal.PropertyBinder   : MetadataSourceProcessor property createdAt with lazy=false
2025-05-03T10:16:16.385-04:00 DEBUG 37596 --- [instagram-backend-bd] [           main] o.h.b.m.internal.AbstractPropertyHolder  : Attempting to locate auto-apply AttributeConverter for property [com.fullstack.instagram_backend_bd.model.Post:createdAt]
2025-05-03T10:16:16.386-04:00 DEBUG 37596 --- [instagram-backend-bd] [           main] o.h.b.model.internal.BasicValueBinder    : building BasicValue for createdAt
2025-05-03T10:16:16.386-04:00 DEBUG 37596 --- [instagram-backend-bd] [           main] org.hibernate.mapping.BasicValue         : Skipping column re-registration: posts.created_at
2025-05-03T10:16:16.387-04:00 DEBUG 37596 --- [instagram-backend-bd] [           main] o.h.boot.model.internal.PropertyBinder   : Building property createdAt
2025-05-03T10:16:16.388-04:00 DEBUG 37596 --- [instagram-backend-bd] [           main] o.h.boot.model.internal.AnnotatedColumn  : Binding column: AnnotatedColumn()
2025-05-03T10:16:16.388-04:00 DEBUG 37596 --- [instagram-backend-bd] [           main] o.h.boot.model.internal.PropertyBinder   : MetadataSourceProcessor property imageUrl with lazy=false
2025-05-03T10:16:16.388-04:00 DEBUG 37596 --- [instagram-backend-bd] [           main] o.h.b.m.internal.AbstractPropertyHolder  : Attempting to locate auto-apply AttributeConverter for property [com.fullstack.instagram_backend_bd.model.Post:imageUrl]
2025-05-03T10:16:16.388-04:00 DEBUG 37596 --- [instagram-backend-bd] [           main] o.h.b.model.internal.BasicValueBinder    : building BasicValue for imageUrl
2025-05-03T10:16:16.388-04:00 DEBUG 37596 --- [instagram-backend-bd] [           main] org.hibernate.mapping.BasicValue         : Skipping column re-registration: posts.image_url
2025-05-03T10:16:16.389-04:00 DEBUG 37596 --- [instagram-backend-bd] [           main] o.h.boot.model.internal.PropertyBinder   : Building property imageUrl
2025-05-03T10:16:16.391-04:00 DEBUG 37596 --- [instagram-backend-bd] [           main] o.h.boot.model.internal.AnnotatedColumn  : Binding column: AnnotatedJoinColumn(column='profile_info_id',referencedColumn='id')
2025-05-03T10:16:16.392-04:00 DEBUG 37596 --- [instagram-backend-bd] [           main] o.h.boot.model.internal.AnnotatedColumn  : Binding column: AnnotatedColumn()
2025-05-03T10:16:16.397-04:00 DEBUG 37596 --- [instagram-backend-bd] [           main] o.h.boot.model.internal.PropertyBinder   : Building property profileInfo
2025-05-03T10:16:16.404-04:00 DEBUG 37596 --- [instagram-backend-bd] [           main] o.h.b.r.c.i.ClassLoaderServiceImpl       : HHH000194: Package not found or no package-info.java: com.fullstack.instagram_backend_bd.model
2025-05-03T10:16:16.414-04:00 DEBUG 37596 --- [instagram-backend-bd] [           main] o.h.boot.model.internal.EntityBinder     : Binding entity from annotated class: com.fullstack.instagram_backend_bd.model.ProfileInfo
2025-05-03T10:16:16.414-04:00 DEBUG 37596 --- [instagram-backend-bd] [           main] o.h.boot.model.internal.EntityBinder     : Import with entity name ProfileInfo
2025-05-03T10:16:16.415-04:00 DEBUG 37596 --- [instagram-backend-bd] [           main] o.h.boot.model.internal.EntityBinder     : Bind entity com.fullstack.instagram_backend_bd.model.ProfileInfo on table profile_info
2025-05-03T10:16:16.415-04:00 DEBUG 37596 --- [instagram-backend-bd] [           main] o.h.boot.model.internal.AnnotatedColumn  : Binding column: AnnotatedDiscriminatorColumn(column='DTYPE')
2025-05-03T10:16:16.421-04:00 DEBUG 37596 --- [instagram-backend-bd] [           main] o.h.boot.model.internal.AnnotatedColumn  : Binding column: AnnotatedColumn()
2025-05-03T10:16:16.421-04:00 DEBUG 37596 --- [instagram-backend-bd] [           main] o.h.boot.internal.ClassLoaderAccessImpl  : Not known whether passed class name [com.fullstack.instagram_backend_bd.model.ProfileInfo] is safe
2025-05-03T10:16:16.421-04:00 DEBUG 37596 --- [instagram-backend-bd] [           main] o.h.boot.internal.ClassLoaderAccessImpl  : No temp ClassLoader provided; using live ClassLoader for loading potentially unsafe class : com.fullstack.instagram_backend_bd.model.ProfileInfo
2025-05-03T10:16:16.421-04:00 DEBUG 37596 --- [instagram-backend-bd] [           main] o.h.boot.model.internal.PropertyBinder   : MetadataSourceProcessor property id with lazy=false
2025-05-03T10:16:16.421-04:00 DEBUG 37596 --- [instagram-backend-bd] [           main] o.h.b.m.internal.AbstractPropertyHolder  : Attempting to locate auto-apply AttributeConverter for property [com.fullstack.instagram_backend_bd.model.ProfileInfo:id]
2025-05-03T10:16:16.421-04:00 DEBUG 37596 --- [instagram-backend-bd] [           main] o.h.b.model.internal.BasicValueBinder    : building BasicValue for id
2025-05-03T10:16:16.421-04:00 DEBUG 37596 --- [instagram-backend-bd] [           main] org.hibernate.mapping.BasicValue         : Skipping column re-registration: profile_info.id
2025-05-03T10:16:16.422-04:00 DEBUG 37596 --- [instagram-backend-bd] [           main] o.h.boot.model.internal.PropertyBinder   : Building property id
2025-05-03T10:16:16.422-04:00 DEBUG 37596 --- [instagram-backend-bd] [           main] o.h.boot.model.internal.BinderHelper     : #makeIdGenerator(BasicValue([Column(id)]), id, org.hibernate.id.enhanced.SequenceStyleGenerator, profile_info_seq, ...)
2025-05-03T10:16:16.422-04:00 DEBUG 37596 --- [instagram-backend-bd] [           main] o.h.boot.model.internal.AnnotatedColumn  : Binding column: AnnotatedColumn()
2025-05-03T10:16:16.422-04:00 DEBUG 37596 --- [instagram-backend-bd] [           main] o.h.boot.model.internal.PropertyBinder   : MetadataSourceProcessor property description with lazy=false
2025-05-03T10:16:16.422-04:00 DEBUG 37596 --- [instagram-backend-bd] [           main] o.h.b.m.internal.AbstractPropertyHolder  : Attempting to locate auto-apply AttributeConverter for property [com.fullstack.instagram_backend_bd.model.ProfileInfo:description]
[...]

   R2dbcRepositoriesAutoConfiguration:
      Did not match:
         - @ConditionalOnClass did not find required class 'io.r2dbc.spi.ConnectionFactory' (OnClassCondition)

   R2dbcTransactionManagerAutoConfiguration:
      Did not match:
         - @ConditionalOnClass did not find required class 'org.springframework.r2dbc.connection.R2dbcTransactionManager' (OnClassCondition)

   RSocketGraphQlClientAutoConfiguration:
      Did not match:
         - @ConditionalOnClass did not find required class 'graphql.GraphQL' (OnClassCondition)

   RSocketMessagingAutoConfiguration:
      Did not match:
         - @ConditionalOnClass did not find required class 'io.rsocket.RSocket' (OnClassCondition)

   RSocketRequesterAutoConfiguration:
      Did not match:
         - @ConditionalOnClass did not find required class 'io.rsocket.RSocket' (OnClassCondition)

   RSocketSecurityAutoConfiguration:
      Did not match:
         - @ConditionalOnClass did not find required class 'org.springframework.security.rsocket.core.SecuritySocketAcceptorInterceptor' (OnClassCondition)

   RSocketServerAutoConfiguration:
      Did not match:
         - @ConditionalOnClass did not find required class 'io.rsocket.core.RSocketServer' (OnClassCondition)

   RSocketStrategiesAutoConfiguration:
      Did not match:
         - @ConditionalOnClass did not find required class 'io.netty.buffer.PooledByteBufAllocator' (OnClassCondition)

   RabbitAutoConfiguration:
      Did not match:
         - @ConditionalOnClass did not find required class 'com.rabbitmq.client.Channel' (OnClassCondition)

   ReactiveElasticsearchClientAutoConfiguration:
      Did not match:
         - @ConditionalOnClass did not find required class 'co.elastic.clients.transport.ElasticsearchTransport' (OnClassCondition)

   ReactiveElasticsearchRepositoriesAutoConfiguration:
      Did not match:
         - @ConditionalOnClass did not find required class 'org.springframework.data.elasticsearch.client.elc.ReactiveElasticsearchClient' (OnClassCondition)

   ReactiveMultipartAutoConfiguration:
      Did not match:
         - @ConditionalOnClass did not find required class 'org.springframework.web.reactive.config.WebFluxConfigurer' (OnClassCondition)

   ReactiveOAuth2ClientAutoConfiguration:
      Did not match:
         - @ConditionalOnClass did not find required class 'reactor.core.publisher.Flux' (OnClassCondition)

   ReactiveOAuth2ResourceServerAutoConfiguration:
      Did not match:
         - @ConditionalOnClass did not find required class 'org.springframework.security.config.annotation.web.reactive.EnableWebFluxSecurity' (OnClassCondition)

   ReactiveSecurityAutoConfiguration:
      Did not match:
         - @ConditionalOnClass did not find required class 'reactor.core.publisher.Flux' (OnClassCondition)

   ReactiveUserDetailsServiceAutoConfiguration:
      Did not match:
         - @ConditionalOnClass did not find required class 'org.springframework.security.authentication.ReactiveAuthenticationManager' (OnClassCondition)

   ReactiveWebServerFactoryAutoConfiguration:
      Did not match:
         - @ConditionalOnWebApplication did not find reactive web application classes (OnWebApplicationCondition)

   ReactorAutoConfiguration:
      Did not match:
         - @ConditionalOnClass did not find required class 'reactor.core.publisher.Hooks' (OnClassCondition)

   RedisAutoConfiguration:
      Did not match:
         - @ConditionalOnClass did not find required class 'org.springframework.data.redis.core.RedisOperations' (OnClassCondition)

   RedisCacheConfiguration:
      Did not match:
         - @ConditionalOnClass did not find required class 'org.springframework.data.redis.connection.RedisConnectionFactory' (OnClassCondition)

   RedisReactiveAutoConfiguration:
      Did not match:
         - @ConditionalOnClass did not find required class 'reactor.core.publisher.Flux' (OnClassCondition)

   RedisRepositoriesAutoConfiguration:
      Did not match:
         - @ConditionalOnClass did not find required class 'org.springframework.data.redis.repository.configuration.EnableRedisRepositories' (OnClassCondition)

   RemoteDevToolsAutoConfiguration:
      Did not match:
         - @ConditionalOnProperty (spring.devtools.remote.secret) did not find property 'secret' (OnPropertyCondition)
      Matched:
         - @ConditionalOnClass found required classes 'jakarta.servlet.Filter', 'org.springframework.http.server.ServerHttpRequest' (OnClassCondition)

   RepositoryRestMvcAutoConfiguration:
      Did not match:
         - @ConditionalOnClass did not find required class 'org.springframework.data.rest.webmvc.config.RepositoryRestMvcConfiguration' (OnClassCondition)

   Saml2RelyingPartyAutoConfiguration:
      Did not match:
         - @ConditionalOnClass did not find required class 'org.springframework.security.saml2.provider.service.registration.RelyingPartyRegistrationRepository' (OnClassCondition)

   SecurityAutoConfiguration:
      Did not match:
         - @ConditionalOnClass did not find required class 'org.springframework.security.authentication.DefaultAuthenticationEventPublisher' (OnClassCondition)

   SecurityFilterAutoConfiguration:
      Did not match:
         - @ConditionalOnClass did not find required class 'org.springframework.security.config.http.SessionCreationPolicy' (OnClassCondition)

   SendGridAutoConfiguration:
      Did not match:
         - @ConditionalOnClass did not find required class 'com.sendgrid.SendGrid' (OnClassCondition)

   ServletWebServerFactoryAutoConfiguration.ForwardedHeaderFilterConfiguration:
      Did not match:
         - @ConditionalOnProperty (server.forward-headers-strategy=framework) did not find property 'server.forward-headers-strategy' (OnPropertyCondition)

   ServletWebServerFactoryConfiguration.EmbeddedJetty:
      Did not match:
         - @ConditionalOnClass did not find required classes 'org.eclipse.jetty.server.Server', 'org.eclipse.jetty.util.Loader', 'org.eclipse.jetty.ee10.webapp.WebAppContext' (OnClassCondition)

   ServletWebServerFactoryConfiguration.EmbeddedUndertow:
      Did not match:
         - @ConditionalOnClass did not find required classes 'io.undertow.Undertow', 'org.xnio.SslClientAuthMode' (OnClassCondition)

   SessionAutoConfiguration:
      Did not match:
         - @ConditionalOnClass did not find required class 'org.springframework.session.Session' (OnClassCondition)

   SpringApplicationAdminJmxAutoConfiguration:
      Did not match:
         - @ConditionalOnProperty (spring.application.admin.enabled=true) did not find property 'enabled' (OnPropertyCondition)

   TaskExecutorConfigurations.SimpleAsyncTaskExecutorBuilderConfiguration#simpleAsyncTaskExecutorBuilderVirtualThreads:
      Did not match:
         - @ConditionalOnMissingBean (types: org.springframework.boot.task.SimpleAsyncTaskExecutorBuilder; SearchStrategy: all) found beans of type 'org.springframework.boot.task.SimpleAsyncTaskExecutorBuilder' simpleAsyncTaskExecutorBuilder (OnBeanCondition)

   TaskExecutorConfigurations.TaskExecutorConfiguration#applicationTaskExecutorVirtualThreads:
      Did not match:
         - @ConditionalOnThreading did not find VIRTUAL (OnThreadingCondition)

   TaskSchedulingAutoConfiguration#scheduledBeanLazyInitializationExcludeFilter:
      Did not match:
         - @ConditionalOnBean (names: org.springframework.context.annotation.internalScheduledAnnotationProcessor; SearchStrategy: all) did not find any beans named org.springframework.context.annotation.internalScheduledAnnotationProcessor (OnBeanCondition)

   TaskSchedulingConfigurations.SimpleAsyncTaskSchedulerBuilderConfiguration#simpleAsyncTaskSchedulerBuilderVirtualThreads:
      Did not match:
         - @ConditionalOnMissingBean (types: org.springframework.boot.task.SimpleAsyncTaskSchedulerBuilder; SearchStrategy: all) found beans of type 'org.springframework.boot.task.SimpleAsyncTaskSchedulerBuilder' simpleAsyncTaskSchedulerBuilder (OnBeanCondition)

   TaskSchedulingConfigurations.TaskSchedulerConfiguration:
      Did not match:
         - @ConditionalOnBean (names: org.springframework.context.annotation.internalScheduledAnnotationProcessor; SearchStrategy: all) did not find any beans named org.springframework.context.annotation.internalScheduledAnnotationProcessor (OnBeanCondition)

   ThymeleafAutoConfiguration:
      Did not match:
         - @ConditionalOnClass did not find required class 'org.thymeleaf.spring6.SpringTemplateEngine' (OnClassCondition)

   TransactionAutoConfiguration#transactionalOperator:
      Did not match:
         - @ConditionalOnSingleCandidate (types: org.springframework.transaction.ReactiveTransactionManager; SearchStrategy: all) did not find any beans (OnBeanCondition)

   TransactionAutoConfiguration.AspectJTransactionManagementConfiguration:
      Did not match:
         - @ConditionalOnBean (types: org.springframework.transaction.aspectj.AbstractTransactionAspect; SearchStrategy: all) did not find any beans of type org.springframework.transaction.aspectj.AbstractTransactionAspect (OnBeanCondition)

   TransactionAutoConfiguration.EnableTransactionManagementConfiguration.JdkDynamicAutoProxyConfiguration:
      Did not match:
         - @ConditionalOnProperty (spring.aop.proxy-target-class=false) did not find property 'proxy-target-class' (OnPropertyCondition)

   UserDetailsServiceAutoConfiguration:
      Did not match:
         - @ConditionalOnClass did not find required class 'org.springframework.security.authentication.AuthenticationManager' (OnClassCondition)

   WebClientAutoConfiguration:
      Did not match:
         - @ConditionalOnClass did not find required class 'org.springframework.web.reactive.function.client.WebClient' (OnClassCondition)

   WebFluxAutoConfiguration:
      Did not match:
         - @ConditionalOnClass did not find required class 'org.springframework.web.reactive.config.WebFluxConfigurer' (OnClassCondition)

   WebMvcAutoConfiguration#hiddenHttpMethodFilter:
      Did not match:
         - @ConditionalOnProperty (spring.mvc.hiddenmethod.filter.enabled) did not find property 'enabled' (OnPropertyCondition)

   WebMvcAutoConfiguration.ProblemDetailsErrorHandlingConfiguration:
      Did not match:
         - @ConditionalOnProperty (spring.mvc.problemdetails.enabled=true) did not find property 'enabled' (OnPropertyCondition)

   WebMvcAutoConfiguration.ResourceChainCustomizerConfiguration:
      Did not match:
         - @ConditionalOnEnabledResourceChain did not find class org.webjars.WebJarAssetLocator (OnEnabledResourceChainCondition)

   WebMvcAutoConfiguration.WebMvcAutoConfigurationAdapter#beanNameViewResolver:
      Did not match:
         - @ConditionalOnMissingBean (types: org.springframework.web.servlet.view.BeanNameViewResolver; SearchStrategy: all) found beans of type 'org.springframework.web.servlet.view.BeanNameViewResolver' beanNameViewResolver (OnBeanCondition)

   WebServiceTemplateAutoConfiguration:
      Did not match:
         - @ConditionalOnClass did not find required class 'org.springframework.oxm.Marshaller' (OnClassCondition)

   WebServicesAutoConfiguration:
      Did not match:
         - @ConditionalOnClass did not find required class 'org.springframework.ws.transport.http.MessageDispatcherServlet' (OnClassCondition)

   WebSessionIdResolverAutoConfiguration:
      Did not match:
         - @ConditionalOnClass did not find required class 'reactor.core.publisher.Mono' (OnClassCondition)

   WebSocketMessagingAutoConfiguration:
      Did not match:
         - @ConditionalOnClass did not find required class 'org.springframework.web.socket.config.annotation.WebSocketMessageBrokerConfigurer' (OnClassCondition)

   WebSocketReactiveAutoConfiguration:
      Did not match:
         - @ConditionalOnWebApplication did not find reactive web application classes (OnWebApplicationCondition)

   WebSocketServletAutoConfiguration.JettyWebSocketConfiguration:
      Did not match:
         - @ConditionalOnClass did not find required class 'org.eclipse.jetty.ee10.websocket.jakarta.server.config.JakartaWebSocketServletContainerInitializer' (OnClassCondition)

   WebSocketServletAutoConfiguration.UndertowWebSocketConfiguration:
      Did not match:
         - @ConditionalOnClass did not find required class 'io.undertow.websockets.jsr.Bootstrap' (OnClassCondition)

   XADataSourceAutoConfiguration:
      Did not match:
         - @ConditionalOnBean (types: org.springframework.boot.jdbc.XADataSourceWrapper; SearchStrategy: all) did not find any beans of type org.springframework.boot.jdbc.XADataSourceWrapper (OnBeanCondition)
      Matched:
         - @ConditionalOnClass found required classes 'javax.sql.DataSource', 'jakarta.transaction.TransactionManager', 'org.springframework.jdbc.datasource.embedded.EmbeddedDatabaseType' (OnClassCondition)


Exclusions:
-----------

    None


Unconditional classes:
----------------------

    org.springframework.boot.autoconfigure.context.ConfigurationPropertiesAutoConfiguration

    org.springframework.boot.autoconfigure.ssl.SslAutoConfiguration

    org.springframework.boot.autoconfigure.context.LifecycleAutoConfiguration

    org.springframework.boot.autoconfigure.context.PropertyPlaceholderAutoConfiguration

    org.springframework.boot.autoconfigure.availability.ApplicationAvailabilityAutoConfiguration

    org.springframework.boot.autoconfigure.info.ProjectInfoAutoConfiguration



2025-05-03T10:16:22.040-04:00  INFO 37596 --- [instagram-backend-bd] [           main] c.f.i.InstagramBackendBdApplicationTests : Started InstagramBackendBdApplicationTests in 13.866 seconds (process running for 15.798)
2025-05-03T10:16:22.041-04:00 DEBUG 37596 --- [instagram-backend-bd] [           main] o.s.b.a.ApplicationAvailabilityBean      : Application availability state LivenessState changed to CORRECT
2025-05-03T10:16:22.044-04:00 DEBUG 37596 --- [instagram-backend-bd] [           main] o.s.boot.devtools.restart.Restarter      : Creating new Restarter for thread Thread[#1,main,5,main]
2025-05-03T10:16:22.045-04:00 DEBUG 37596 --- [instagram-backend-bd] [           main] o.s.b.a.ApplicationAvailabilityBean      : Application availability state ReadinessState changed to ACCEPTING_TRAFFIC
2025-05-03T10:16:22.049-04:00 DEBUG 37596 --- [instagram-backend-bd] [           main] org.springframework.test.context.cache   : Spring test ApplicationContext cache statistics: [DefaultContextCache@39cf7f3c size = 1, maxSize = 32, parentContextCount = 0, hitCount = 0, missCount = 1, failureCount = 0]
2025-05-03T10:16:22.049-04:00 DEBUG 37596 --- [instagram-backend-bd] [           main] o.s.t.c.w.ServletTestExecutionListener   : Setting up MockHttpServletRequest, MockHttpServletResponse, ServletWebRequest, and RequestContextHolder for test class com.fullstack.instagram_backend_bd.InstagramBackendBdApplicationTests
2025-05-03T10:16:22.079-04:00 DEBUG 37596 --- [instagram-backend-bd] [           main] DependencyInjectionTestExecutionListener : Performing dependency injection for test class com.fullstack.instagram_backend_bd.InstagramBackendBdApplicationTests
2025-05-03T10:16:22.079-04:00 DEBUG 37596 --- [instagram-backend-bd] [           main] org.springframework.test.context.cache   : Spring test ApplicationContext cache statistics: [DefaultContextCache@39cf7f3c size = 1, maxSize = 32, parentContextCount = 0, hitCount = 1, missCount = 1, failureCount = 0]
2025-05-03T10:16:22.083-04:00 DEBUG 37596 --- [instagram-backend-bd] [           main] org.springframework.test.context.cache   : Spring test ApplicationContext cache statistics: [DefaultContextCache@39cf7f3c size = 1, maxSize = 32, parentContextCount = 0, hitCount = 2, missCount = 1, failureCount = 0]
2025-05-03T10:16:22.092-04:00 DEBUG 37596 --- [instagram-backend-bd] [           main] sContextBeforeModesTestExecutionListener : Before test method: class [InstagramBackendBdApplicationTests], method [contextLoads], class annotated with @DirtiesContext [false] with mode [null], method annotated with @DirtiesContext [false] with mode [null]
2025-05-03T10:16:22.096-04:00 DEBUG 37596 --- [instagram-backend-bd] [           main] org.springframework.test.context.cache   : Spring test ApplicationContext cache statistics: [DefaultContextCache@39cf7f3c size = 1, maxSize = 32, parentContextCount = 0, hitCount = 3, missCount = 1, failureCount = 0]
2025-05-03T10:16:22.097-04:00 DEBUG 37596 --- [instagram-backend-bd] [           main] org.springframework.test.context.cache   : Spring test ApplicationContext cache statistics: [DefaultContextCache@39cf7f3c size = 1, maxSize = 32, parentContextCount = 0, hitCount = 4, missCount = 1, failureCount = 0]
2025-05-03T10:16:22.729-04:00 DEBUG 37596 --- [instagram-backend-bd] [           main] org.springframework.test.context.cache   : Spring test ApplicationContext cache statistics: [DefaultContextCache@39cf7f3c size = 1, maxSize = 32, parentContextCount = 0, hitCount = 5, missCount = 1, failureCount = 0]
2025-05-03T10:16:22.736-04:00 DEBUG 37596 --- [instagram-backend-bd] [           main] org.springframework.test.context.cache   : Spring test ApplicationContext cache statistics: [DefaultContextCache@39cf7f3c size = 1, maxSize = 32, parentContextCount = 0, hitCount = 6, missCount = 1, failureCount = 0]
2025-05-03T10:16:22.737-04:00 DEBUG 37596 --- [instagram-backend-bd] [           main] org.springframework.test.context.cache   : Spring test ApplicationContext cache statistics: [DefaultContextCache@39cf7f3c size = 1, maxSize = 32, parentContextCount = 0, hitCount = 7, missCount = 1, failureCount = 0]
2025-05-03T10:16:22.737-04:00 DEBUG 37596 --- [instagram-backend-bd] [           main] org.springframework.test.context.cache   : Spring test ApplicationContext cache statistics: [DefaultContextCache@39cf7f3c size = 1, maxSize = 32, parentContextCount = 0, hitCount = 8, missCount = 1, failureCount = 0]
2025-05-03T10:16:22.738-04:00 DEBUG 37596 --- [instagram-backend-bd] [           main] org.springframework.test.context.cache   : Spring test ApplicationContext cache statistics: [DefaultContextCache@39cf7f3c size = 1, maxSize = 32, parentContextCount = 0, hitCount = 9, missCount = 1, failureCount = 0]
2025-05-03T10:16:22.740-04:00 DEBUG 37596 --- [instagram-backend-bd] [           main] org.springframework.test.context.cache   : Spring test ApplicationContext cache statistics: [DefaultContextCache@39cf7f3c size = 1, maxSize = 32, parentContextCount = 0, hitCount = 10, missCount = 1, failureCount = 0]
2025-05-03T10:16:22.742-04:00 DEBUG 37596 --- [instagram-backend-bd] [           main] org.springframework.test.context.cache   : Spring test ApplicationContext cache statistics: [DefaultContextCache@39cf7f3c size = 1, maxSize = 32, parentContextCount = 0, hitCount = 11, missCount = 1, failureCount = 0]
2025-05-03T10:16:22.743-04:00 DEBUG 37596 --- [instagram-backend-bd] [           main] .c.s.DirtiesContextTestExecutionListener : After test method: class [InstagramBackendBdApplicationTests], method [contextLoads], class annotated with @DirtiesContext [false] with mode [null], method annotated with @DirtiesContext [false] with mode [null]
2025-05-03T10:16:22.744-04:00 DEBUG 37596 --- [instagram-backend-bd] [           main] o.s.t.c.w.ServletTestExecutionListener   : Resetting RequestContextHolder for test class com.fullstack.instagram_backend_bd.InstagramBackendBdApplicationTests
]]></system-out>
    <system-err><![CDATA[WARNING: A Java agent has been loaded dynamically (C:\Users\cvalv\.m2\repository\net\bytebuddy\byte-buddy-agent\1.14.18\byte-buddy-agent-1.14.18.jar)
WARNING: If a serviceability tool is in use, please run with -XX:+EnableDynamicAgentLoading to hide this warning
WARNING: If a serviceability tool is not in use, please run with -Djdk.instrument.traceUsage for more information
WARNING: Dynamic loading of agents will be disallowed by default in a future release
]]></system-err>
  </testcase>
</testsuite>